Connecting to database specified by database.yml
Connecting to database specified by database.yml
Connecting to database specified by database.yml
Connecting to database specified by database.yml
  [1m[36m (5.0ms)[0m  [1mCREATE TABLE "schema_migrations" ("version" character varying(255) NOT NULL) [0m
  [1m[35m (2.6ms)[0m  CREATE UNIQUE INDEX "unique_schema_migrations" ON "schema_migrations" ("version")
  [1m[36m (0.3ms)[0m  [1mSELECT "schema_migrations"."version" FROM "schema_migrations" [0m
Migrating to CreateUsers (20121214180600)
  [1m[35m (0.1ms)[0m  BEGIN
  [1m[36m (39.2ms)[0m  [1mCREATE TABLE "users" ("id" serial primary key, "firstname" character varying(255), "lastname" character varying(255), "address" character varying(255), "type" integer, "created_at" timestamp NOT NULL, "updated_at" timestamp NOT NULL) [0m
  [1m[35m (0.6ms)[0m  INSERT INTO "schema_migrations" ("version") VALUES ('20121214180600')
  [1m[36m (0.9ms)[0m  [1mCOMMIT[0m
Migrating to AddDeviseToUsers (20121214180628)
  [1m[35m (0.2ms)[0m  BEGIN
  [1m[36m (23.9ms)[0m  [1mALTER TABLE "users" ADD COLUMN "email" character varying(255) DEFAULT '' NOT NULL[0m
  [1m[35m (4.9ms)[0m  ALTER TABLE "users" ADD COLUMN "encrypted_password" character varying(255) DEFAULT '' NOT NULL
  [1m[36m (0.4ms)[0m  [1mALTER TABLE "users" ADD COLUMN "reset_password_token" character varying(255)[0m
  [1m[35m (0.8ms)[0m  ALTER TABLE "users" ADD COLUMN "reset_password_sent_at" timestamp
  [1m[36m (0.3ms)[0m  [1mALTER TABLE "users" ADD COLUMN "remember_created_at" timestamp[0m
  [1m[35m (4.3ms)[0m  ALTER TABLE "users" ADD COLUMN "sign_in_count" integer DEFAULT 0
  [1m[36m (0.2ms)[0m  [1mALTER TABLE "users" ADD COLUMN "current_sign_in_at" timestamp[0m
  [1m[35m (0.2ms)[0m  ALTER TABLE "users" ADD COLUMN "last_sign_in_at" timestamp
  [1m[36m (0.2ms)[0m  [1mALTER TABLE "users" ADD COLUMN "current_sign_in_ip" character varying(255)[0m
  [1m[35m (0.2ms)[0m  ALTER TABLE "users" ADD COLUMN "last_sign_in_ip" character varying(255)
  [1m[36m (1.3ms)[0m  [1mCREATE UNIQUE INDEX "index_users_on_email" ON "users" ("email")[0m
  [1m[35m (1.2ms)[0m  CREATE UNIQUE INDEX "index_users_on_reset_password_token" ON "users" ("reset_password_token")
  [1m[36m (0.4ms)[0m  [1mINSERT INTO "schema_migrations" ("version") VALUES ('20121214180628')[0m
  [1m[35m (2.6ms)[0m  COMMIT
  [1m[36m (0.3ms)[0m  [1mSELECT "schema_migrations"."version" FROM "schema_migrations" [0m
Connecting to database specified by database.yml
Connecting to database specified by database.yml
Connecting to database specified by database.yml
  [1m[36m (0.4ms)[0m  [1mSELECT "schema_migrations"."version" FROM "schema_migrations" [0m
Migrating to CreateUsers (20121214180600)
Migrating to AddDeviseToUsers (20121214180628)
Migrating to CreateOrders (20121214181612)
  [1m[35m (0.1ms)[0m  BEGIN
  [1m[36m (23.1ms)[0m  [1mCREATE TABLE "orders" ("id" serial primary key, "quantity" integer, "user_id" integer, "created_at" timestamp NOT NULL, "updated_at" timestamp NOT NULL) [0m
  [1m[35m (0.4ms)[0m  INSERT INTO "schema_migrations" ("version") VALUES ('20121214181612')
  [1m[36m (4.9ms)[0m  [1mCOMMIT[0m
Migrating to CreateItems (20121214182003)
  [1m[35m (0.3ms)[0m  BEGIN
  [1m[36m (65.2ms)[0m  [1mCREATE TABLE "items" ("id" serial primary key, "order_id" integer, "content" text, "user_id" integer, "created_at" timestamp NOT NULL, "updated_at" timestamp NOT NULL) [0m
  [1m[35m (0.2ms)[0m  INSERT INTO "schema_migrations" ("version") VALUES ('20121214182003')
  [1m[36m (4.4ms)[0m  [1mCOMMIT[0m
  [1m[35m (0.2ms)[0m  SELECT "schema_migrations"."version" FROM "schema_migrations" 
Connecting to database specified by database.yml
Connecting to database specified by database.yml


Started GET "/assets/rails.png" for 127.0.0.1 at 2012-12-14 19:25:05 +0100
Served asset /rails.png - 200 OK (18ms)
