Connecting to database specified by database.yml
Connecting to database specified by database.yml
Connecting to database specified by database.yml
Connecting to database specified by database.yml
Started GET "/" for 156.17.164.2 at 2013-03-07 01:59:53 +0100
Processing by HomeController#index as HTML
  Rendered home/index.html.erb within layouts/application (6.8ms)
Completed 500 Internal Server Error in 78ms

ActionView::Template::Error (application.css isn't precompiled):
    2: <html>
    3: <head>
    4:   <title>Textprovider</title>
    5:   <%= stylesheet_link_tag    "application", :media => "all" %>
    6:   <%= javascript_include_tag "application" %>
    7:   <%= csrf_meta_tags %>
    8: </head>
  app/views/layouts/application.html.erb:5:in `_app_views_layouts_application_html_erb___2146971310700139942_183754580'


Started GET "/favicon.ico" for 156.17.164.2 at 2013-03-07 01:59:53 +0100

ActionController::RoutingError (No route matches [GET] "/favicon.ico"):
  actionpack (3.2.9) lib/action_dispatch/middleware/debug_exceptions.rb:21:in `call'
  actionpack (3.2.9) lib/action_dispatch/middleware/show_exceptions.rb:56:in `call'
  railties (3.2.9) lib/rails/rack/logger.rb:32:in `call_app'
  railties (3.2.9) lib/rails/rack/logger.rb:16:in `block in call'
  activesupport (3.2.9) lib/active_support/tagged_logging.rb:22:in `tagged'
  railties (3.2.9) lib/rails/rack/logger.rb:16:in `call'
  actionpack (3.2.9) lib/action_dispatch/middleware/request_id.rb:22:in `call'
  rack (1.4.5) lib/rack/methodoverride.rb:21:in `call'
  rack (1.4.5) lib/rack/runtime.rb:17:in `call'
  activesupport (3.2.9) lib/active_support/cache/strategy/local_cache.rb:72:in `call'
  rack (1.4.5) lib/rack/lock.rb:15:in `call'
  rack-cache (1.2) lib/rack/cache/context.rb:136:in `forward'
  rack-cache (1.2) lib/rack/cache/context.rb:245:in `fetch'
  rack-cache (1.2) lib/rack/cache/context.rb:185:in `lookup'
  rack-cache (1.2) lib/rack/cache/context.rb:66:in `call!'
  rack-cache (1.2) lib/rack/cache/context.rb:51:in `call'
  railties (3.2.9) lib/rails/engine.rb:479:in `call'
  railties (3.2.9) lib/rails/application.rb:223:in `call'
  rack (1.4.5) lib/rack/content_length.rb:14:in `call'
  railties (3.2.9) lib/rails/rack/log_tailer.rb:17:in `call'
  rack (1.4.5) lib/rack/handler/webrick.rb:59:in `service'
  /home/piotr/.rvm/rubies/ruby-1.9.2-p320/lib/ruby/1.9.1/webrick/httpserver.rb:111:in `service'
  /home/piotr/.rvm/rubies/ruby-1.9.2-p320/lib/ruby/1.9.1/webrick/httpserver.rb:70:in `run'
  /home/piotr/.rvm/rubies/ruby-1.9.2-p320/lib/ruby/1.9.1/webrick/server.rb:183:in `block in start_thread'


Started GET "/" for 156.17.164.2 at 2013-03-07 01:59:54 +0100
Processing by HomeController#index as HTML
  Rendered home/index.html.erb within layouts/application (2.5ms)
Completed 500 Internal Server Error in 4ms

ActionView::Template::Error (application.css isn't precompiled):
    2: <html>
    3: <head>
    4:   <title>Textprovider</title>
    5:   <%= stylesheet_link_tag    "application", :media => "all" %>
    6:   <%= javascript_include_tag "application" %>
    7:   <%= csrf_meta_tags %>
    8: </head>
  app/views/layouts/application.html.erb:5:in `_app_views_layouts_application_html_erb___2146971310700139942_183754580'


Started GET "/favicon.ico" for 156.17.164.2 at 2013-03-07 01:59:55 +0100

ActionController::RoutingError (No route matches [GET] "/favicon.ico"):
  actionpack (3.2.9) lib/action_dispatch/middleware/debug_exceptions.rb:21:in `call'
  actionpack (3.2.9) lib/action_dispatch/middleware/show_exceptions.rb:56:in `call'
  railties (3.2.9) lib/rails/rack/logger.rb:32:in `call_app'
  railties (3.2.9) lib/rails/rack/logger.rb:16:in `block in call'
  activesupport (3.2.9) lib/active_support/tagged_logging.rb:22:in `tagged'
  railties (3.2.9) lib/rails/rack/logger.rb:16:in `call'
  actionpack (3.2.9) lib/action_dispatch/middleware/request_id.rb:22:in `call'
  rack (1.4.5) lib/rack/methodoverride.rb:21:in `call'
  rack (1.4.5) lib/rack/runtime.rb:17:in `call'
  activesupport (3.2.9) lib/active_support/cache/strategy/local_cache.rb:72:in `call'
  rack (1.4.5) lib/rack/lock.rb:15:in `call'
  rack-cache (1.2) lib/rack/cache/context.rb:136:in `forward'
  rack-cache (1.2) lib/rack/cache/context.rb:245:in `fetch'
  rack-cache (1.2) lib/rack/cache/context.rb:185:in `lookup'
  rack-cache (1.2) lib/rack/cache/context.rb:66:in `call!'
  rack-cache (1.2) lib/rack/cache/context.rb:51:in `call'
  railties (3.2.9) lib/rails/engine.rb:479:in `call'
  railties (3.2.9) lib/rails/application.rb:223:in `call'
  rack (1.4.5) lib/rack/content_length.rb:14:in `call'
  railties (3.2.9) lib/rails/rack/log_tailer.rb:17:in `call'
  rack (1.4.5) lib/rack/handler/webrick.rb:59:in `service'
  /home/piotr/.rvm/rubies/ruby-1.9.2-p320/lib/ruby/1.9.1/webrick/httpserver.rb:111:in `service'
  /home/piotr/.rvm/rubies/ruby-1.9.2-p320/lib/ruby/1.9.1/webrick/httpserver.rb:70:in `run'
  /home/piotr/.rvm/rubies/ruby-1.9.2-p320/lib/ruby/1.9.1/webrick/server.rb:183:in `block in start_thread'


Started GET "/" for 156.17.164.2 at 2013-03-07 02:00:18 +0100
Processing by HomeController#index as HTML
  Rendered home/index.html.erb within layouts/application (2.2ms)
Completed 500 Internal Server Error in 4ms

ActionView::Template::Error (application.css isn't precompiled):
    2: <html>
    3: <head>
    4:   <title>Textprovider</title>
    5:   <%= stylesheet_link_tag    "application", :media => "all" %>
    6:   <%= javascript_include_tag "application" %>
    7:   <%= csrf_meta_tags %>
    8: </head>
  app/views/layouts/application.html.erb:5:in `_app_views_layouts_application_html_erb___2146971310700139942_183754580'


Started GET "/favicon.ico" for 156.17.164.2 at 2013-03-07 02:00:19 +0100

ActionController::RoutingError (No route matches [GET] "/favicon.ico"):
  actionpack (3.2.9) lib/action_dispatch/middleware/debug_exceptions.rb:21:in `call'
  actionpack (3.2.9) lib/action_dispatch/middleware/show_exceptions.rb:56:in `call'
  railties (3.2.9) lib/rails/rack/logger.rb:32:in `call_app'
  railties (3.2.9) lib/rails/rack/logger.rb:16:in `block in call'
  activesupport (3.2.9) lib/active_support/tagged_logging.rb:22:in `tagged'
  railties (3.2.9) lib/rails/rack/logger.rb:16:in `call'
  actionpack (3.2.9) lib/action_dispatch/middleware/request_id.rb:22:in `call'
  rack (1.4.5) lib/rack/methodoverride.rb:21:in `call'
  rack (1.4.5) lib/rack/runtime.rb:17:in `call'
  activesupport (3.2.9) lib/active_support/cache/strategy/local_cache.rb:72:in `call'
  rack (1.4.5) lib/rack/lock.rb:15:in `call'
  rack-cache (1.2) lib/rack/cache/context.rb:136:in `forward'
  rack-cache (1.2) lib/rack/cache/context.rb:245:in `fetch'
  rack-cache (1.2) lib/rack/cache/context.rb:185:in `lookup'
  rack-cache (1.2) lib/rack/cache/context.rb:66:in `call!'
  rack-cache (1.2) lib/rack/cache/context.rb:51:in `call'
  railties (3.2.9) lib/rails/engine.rb:479:in `call'
  railties (3.2.9) lib/rails/application.rb:223:in `call'
  rack (1.4.5) lib/rack/content_length.rb:14:in `call'
  railties (3.2.9) lib/rails/rack/log_tailer.rb:17:in `call'
  rack (1.4.5) lib/rack/handler/webrick.rb:59:in `service'
  /home/piotr/.rvm/rubies/ruby-1.9.2-p320/lib/ruby/1.9.1/webrick/httpserver.rb:111:in `service'
  /home/piotr/.rvm/rubies/ruby-1.9.2-p320/lib/ruby/1.9.1/webrick/httpserver.rb:70:in `run'
  /home/piotr/.rvm/rubies/ruby-1.9.2-p320/lib/ruby/1.9.1/webrick/server.rb:183:in `block in start_thread'


Compiled jquery.js  (2ms)  (pid 15726)
Compiled jquery_ujs.js  (0ms)  (pid 15726)
Compiled twitter/bootstrap/bootstrap-transition.js  (2ms)  (pid 15726)
Compiled twitter/bootstrap/bootstrap-alert.js  (0ms)  (pid 15726)
Compiled twitter/bootstrap/bootstrap-modal.js  (0ms)  (pid 15726)
Compiled twitter/bootstrap/bootstrap-dropdown.js  (0ms)  (pid 15726)
Compiled twitter/bootstrap/bootstrap-scrollspy.js  (0ms)  (pid 15726)
Compiled twitter/bootstrap/bootstrap-tab.js  (0ms)  (pid 15726)
Compiled twitter/bootstrap/bootstrap-tooltip.js  (0ms)  (pid 15726)
Compiled twitter/bootstrap/bootstrap-popover.js  (0ms)  (pid 15726)
Compiled twitter/bootstrap/bootstrap-button.js  (0ms)  (pid 15726)
Compiled twitter/bootstrap/bootstrap-collapse.js  (0ms)  (pid 15726)
Compiled twitter/bootstrap/bootstrap-carousel.js  (0ms)  (pid 15726)
Compiled twitter/bootstrap/bootstrap-typeahead.js  (0ms)  (pid 15726)
Compiled twitter/bootstrap/bootstrap-affix.js  (0ms)  (pid 15726)
Compiled twitter/bootstrap.js  (190ms)  (pid 15726)
Compiled bootstrap.js  (105ms)  (pid 15726)
Compiled tinymce/preinit.js  (1ms)  (pid 15726)
Compiled tinymce/tiny_mce_src.js  (6ms)  (pid 15726)
Compiled tinymce.js  (75ms)  (pid 15726)
Compiled application.js  (449ms)  (pid 15726)
Compiled twitter-bootstrap-static/bootstrap.css  (68ms)  (pid 15726)
Compiled bootstrap_and_overrides.css  (127ms)  (pid 15726)
Compiled application.css  (183ms)  (pid 15726)
Compiled jquery.js  (2ms)  (pid 15726)
Compiled jquery_ujs.js  (0ms)  (pid 15726)
Compiled twitter/bootstrap/bootstrap-transition.js  (0ms)  (pid 15726)
Compiled twitter/bootstrap/bootstrap-alert.js  (0ms)  (pid 15726)
Compiled twitter/bootstrap/bootstrap-modal.js  (0ms)  (pid 15726)
Compiled twitter/bootstrap/bootstrap-dropdown.js  (0ms)  (pid 15726)
Compiled twitter/bootstrap/bootstrap-scrollspy.js  (0ms)  (pid 15726)
Compiled twitter/bootstrap/bootstrap-tab.js  (0ms)  (pid 15726)
Compiled twitter/bootstrap/bootstrap-tooltip.js  (0ms)  (pid 15726)
Compiled twitter/bootstrap/bootstrap-popover.js  (0ms)  (pid 15726)
Compiled twitter/bootstrap/bootstrap-button.js  (0ms)  (pid 15726)
Compiled twitter/bootstrap/bootstrap-collapse.js  (0ms)  (pid 15726)
Compiled twitter/bootstrap/bootstrap-carousel.js  (0ms)  (pid 15726)
Compiled twitter/bootstrap/bootstrap-typeahead.js  (0ms)  (pid 15726)
Compiled twitter/bootstrap/bootstrap-affix.js  (0ms)  (pid 15726)
Compiled twitter/bootstrap.js  (130ms)  (pid 15726)
Compiled bootstrap.js  (104ms)  (pid 15726)
Compiled tinymce/preinit.js  (1ms)  (pid 15726)
Compiled tinymce/tiny_mce_src.js  (5ms)  (pid 15726)
Compiled tinymce.js  (27ms)  (pid 15726)
Compiled application.js  (386ms)  (pid 15726)
Compiled twitter-bootstrap-static/bootstrap.css  (67ms)  (pid 15726)
Compiled bootstrap_and_overrides.css  (121ms)  (pid 15726)
Compiled application.css  (173ms)  (pid 15726)
Connecting to database specified by database.yml
Started GET "/" for 156.17.164.2 at 2013-03-07 02:05:31 +0100
Processing by HomeController#index as HTML
  Rendered home/index.html.erb within layouts/application (50.6ms)
  Rendered layouts/_topbar_right.html.erb (256.0ms)
Completed 500 Internal Server Error in 334ms

ActionView::Template::Error (PG::Error: BŁĄD:  relacja "admins" nie istnieje
LINE 5:              WHERE a.attrelid = '"admins"'::regclass
                                        ^
:             SELECT a.attname, format_type(a.atttypid, a.atttypmod),
                     pg_get_expr(d.adbin, d.adrelid), a.attnotnull, a.atttypid, a.atttypmod
              FROM pg_attribute a LEFT JOIN pg_attrdef d
                ON a.attrelid = d.adrelid AND a.attnum = d.adnum
             WHERE a.attrelid = '"admins"'::regclass
               AND a.attnum > 0 AND NOT a.attisdropped
             ORDER BY a.attnum
):
    4:   	<li>
    5:   		<%= link_to('Wyloguj', destroy_user_session_path, :method => :delete) %>        
    6:   	</li>
    7: <% elsif admin_signed_in? %>
    8: 	<li>
    9: 		<a href="<%= url_for admin_balance_history_path %>">Saldo: <%= current_admin.formatted_balance %></a>
    10: 	</li>
  app/views/layouts/_topbar_right.html.erb:7:in `_app_views_layouts__topbar_right_html_erb__259153032050182276_196173680'
  app/views/layouts/application.html.erb:20:in `_app_views_layouts_application_html_erb__2219411966325395014_196250780'


Started GET "/favicon.ico" for 156.17.164.2 at 2013-03-07 02:05:32 +0100

ActionController::RoutingError (No route matches [GET] "/favicon.ico"):
  actionpack (3.2.9) lib/action_dispatch/middleware/debug_exceptions.rb:21:in `call'
  actionpack (3.2.9) lib/action_dispatch/middleware/show_exceptions.rb:56:in `call'
  railties (3.2.9) lib/rails/rack/logger.rb:32:in `call_app'
  railties (3.2.9) lib/rails/rack/logger.rb:16:in `block in call'
  activesupport (3.2.9) lib/active_support/tagged_logging.rb:22:in `tagged'
  railties (3.2.9) lib/rails/rack/logger.rb:16:in `call'
  actionpack (3.2.9) lib/action_dispatch/middleware/request_id.rb:22:in `call'
  rack (1.4.5) lib/rack/methodoverride.rb:21:in `call'
  rack (1.4.5) lib/rack/runtime.rb:17:in `call'
  activesupport (3.2.9) lib/active_support/cache/strategy/local_cache.rb:72:in `call'
  rack (1.4.5) lib/rack/lock.rb:15:in `call'
  rack-cache (1.2) lib/rack/cache/context.rb:136:in `forward'
  rack-cache (1.2) lib/rack/cache/context.rb:245:in `fetch'
  rack-cache (1.2) lib/rack/cache/context.rb:185:in `lookup'
  rack-cache (1.2) lib/rack/cache/context.rb:66:in `call!'
  rack-cache (1.2) lib/rack/cache/context.rb:51:in `call'
  railties (3.2.9) lib/rails/engine.rb:479:in `call'
  railties (3.2.9) lib/rails/application.rb:223:in `call'
  rack (1.4.5) lib/rack/content_length.rb:14:in `call'
  railties (3.2.9) lib/rails/rack/log_tailer.rb:17:in `call'
  rack (1.4.5) lib/rack/handler/webrick.rb:59:in `service'
  /home/piotr/.rvm/rubies/ruby-1.9.2-p320/lib/ruby/1.9.1/webrick/httpserver.rb:111:in `service'
  /home/piotr/.rvm/rubies/ruby-1.9.2-p320/lib/ruby/1.9.1/webrick/httpserver.rb:70:in `run'
  /home/piotr/.rvm/rubies/ruby-1.9.2-p320/lib/ruby/1.9.1/webrick/server.rb:183:in `block in start_thread'


Started GET "/" for 156.17.164.2 at 2013-03-07 02:05:35 +0100
Processing by HomeController#index as HTML
  Rendered home/index.html.erb within layouts/application (2.3ms)
  Rendered layouts/_topbar_right.html.erb (1.9ms)
Completed 500 Internal Server Error in 6ms

ActionView::Template::Error (PG::Error: BŁĄD:  relacja "admins" nie istnieje
LINE 5:              WHERE a.attrelid = '"admins"'::regclass
                                        ^
:             SELECT a.attname, format_type(a.atttypid, a.atttypmod),
                     pg_get_expr(d.adbin, d.adrelid), a.attnotnull, a.atttypid, a.atttypmod
              FROM pg_attribute a LEFT JOIN pg_attrdef d
                ON a.attrelid = d.adrelid AND a.attnum = d.adnum
             WHERE a.attrelid = '"admins"'::regclass
               AND a.attnum > 0 AND NOT a.attisdropped
             ORDER BY a.attnum
):
    4:   	<li>
    5:   		<%= link_to('Wyloguj', destroy_user_session_path, :method => :delete) %>        
    6:   	</li>
    7: <% elsif admin_signed_in? %>
    8: 	<li>
    9: 		<a href="<%= url_for admin_balance_history_path %>">Saldo: <%= current_admin.formatted_balance %></a>
    10: 	</li>
  app/views/layouts/_topbar_right.html.erb:7:in `_app_views_layouts__topbar_right_html_erb__259153032050182276_196173680'
  app/views/layouts/application.html.erb:20:in `_app_views_layouts_application_html_erb__2219411966325395014_196250780'


Started GET "/favicon.ico" for 156.17.164.2 at 2013-03-07 02:05:35 +0100

ActionController::RoutingError (No route matches [GET] "/favicon.ico"):
  actionpack (3.2.9) lib/action_dispatch/middleware/debug_exceptions.rb:21:in `call'
  actionpack (3.2.9) lib/action_dispatch/middleware/show_exceptions.rb:56:in `call'
  railties (3.2.9) lib/rails/rack/logger.rb:32:in `call_app'
  railties (3.2.9) lib/rails/rack/logger.rb:16:in `block in call'
  activesupport (3.2.9) lib/active_support/tagged_logging.rb:22:in `tagged'
  railties (3.2.9) lib/rails/rack/logger.rb:16:in `call'
  actionpack (3.2.9) lib/action_dispatch/middleware/request_id.rb:22:in `call'
  rack (1.4.5) lib/rack/methodoverride.rb:21:in `call'
  rack (1.4.5) lib/rack/runtime.rb:17:in `call'
  activesupport (3.2.9) lib/active_support/cache/strategy/local_cache.rb:72:in `call'
  rack (1.4.5) lib/rack/lock.rb:15:in `call'
  rack-cache (1.2) lib/rack/cache/context.rb:136:in `forward'
  rack-cache (1.2) lib/rack/cache/context.rb:245:in `fetch'
  rack-cache (1.2) lib/rack/cache/context.rb:185:in `lookup'
  rack-cache (1.2) lib/rack/cache/context.rb:66:in `call!'
  rack-cache (1.2) lib/rack/cache/context.rb:51:in `call'
  railties (3.2.9) lib/rails/engine.rb:479:in `call'
  railties (3.2.9) lib/rails/application.rb:223:in `call'
  rack (1.4.5) lib/rack/content_length.rb:14:in `call'
  railties (3.2.9) lib/rails/rack/log_tailer.rb:17:in `call'
  rack (1.4.5) lib/rack/handler/webrick.rb:59:in `service'
  /home/piotr/.rvm/rubies/ruby-1.9.2-p320/lib/ruby/1.9.1/webrick/httpserver.rb:111:in `service'
  /home/piotr/.rvm/rubies/ruby-1.9.2-p320/lib/ruby/1.9.1/webrick/httpserver.rb:70:in `run'
  /home/piotr/.rvm/rubies/ruby-1.9.2-p320/lib/ruby/1.9.1/webrick/server.rb:183:in `block in start_thread'


Connecting to database specified by database.yml
Connecting to database specified by database.yml
Started GET "/" for 156.17.164.2 at 2013-03-07 02:06:55 +0100
Processing by HomeController#index as HTML
  Rendered home/index.html.erb within layouts/application (45.5ms)
  Rendered layouts/_topbar_right.html.erb (158.4ms)
Completed 200 OK in 231ms (Views: 126.4ms | ActiveRecord: 103.4ms)
Started GET "/assets/application-630f1de66aff35af0349fedebae2cf8e.css" for 156.17.164.2 at 2013-03-07 02:06:55 +0100

ActionController::RoutingError (No route matches [GET] "/assets/application-630f1de66aff35af0349fedebae2cf8e.css"):
  actionpack (3.2.9) lib/action_dispatch/middleware/debug_exceptions.rb:21:in `call'
  actionpack (3.2.9) lib/action_dispatch/middleware/show_exceptions.rb:56:in `call'
  railties (3.2.9) lib/rails/rack/logger.rb:32:in `call_app'
  railties (3.2.9) lib/rails/rack/logger.rb:16:in `block in call'
  activesupport (3.2.9) lib/active_support/tagged_logging.rb:22:in `tagged'
  railties (3.2.9) lib/rails/rack/logger.rb:16:in `call'
  actionpack (3.2.9) lib/action_dispatch/middleware/request_id.rb:22:in `call'
  rack (1.4.5) lib/rack/methodoverride.rb:21:in `call'
  rack (1.4.5) lib/rack/runtime.rb:17:in `call'
  activesupport (3.2.9) lib/active_support/cache/strategy/local_cache.rb:72:in `call'
  rack (1.4.5) lib/rack/lock.rb:15:in `call'
  rack-cache (1.2) lib/rack/cache/context.rb:136:in `forward'
  rack-cache (1.2) lib/rack/cache/context.rb:245:in `fetch'
  rack-cache (1.2) lib/rack/cache/context.rb:185:in `lookup'
  rack-cache (1.2) lib/rack/cache/context.rb:66:in `call!'
  rack-cache (1.2) lib/rack/cache/context.rb:51:in `call'
  railties (3.2.9) lib/rails/engine.rb:479:in `call'
  railties (3.2.9) lib/rails/application.rb:223:in `call'
  rack (1.4.5) lib/rack/content_length.rb:14:in `call'
  railties (3.2.9) lib/rails/rack/log_tailer.rb:17:in `call'
  rack (1.4.5) lib/rack/handler/webrick.rb:59:in `service'
  /home/piotr/.rvm/rubies/ruby-1.9.2-p320/lib/ruby/1.9.1/webrick/httpserver.rb:111:in `service'
  /home/piotr/.rvm/rubies/ruby-1.9.2-p320/lib/ruby/1.9.1/webrick/httpserver.rb:70:in `run'
  /home/piotr/.rvm/rubies/ruby-1.9.2-p320/lib/ruby/1.9.1/webrick/server.rb:183:in `block in start_thread'


Started GET "/assets/application-93a0a0a7c82e99d110766d1233d06386.js" for 156.17.164.2 at 2013-03-07 02:06:55 +0100

ActionController::RoutingError (No route matches [GET] "/assets/application-93a0a0a7c82e99d110766d1233d06386.js"):
  actionpack (3.2.9) lib/action_dispatch/middleware/debug_exceptions.rb:21:in `call'
  actionpack (3.2.9) lib/action_dispatch/middleware/show_exceptions.rb:56:in `call'
  railties (3.2.9) lib/rails/rack/logger.rb:32:in `call_app'
  railties (3.2.9) lib/rails/rack/logger.rb:16:in `block in call'
  activesupport (3.2.9) lib/active_support/tagged_logging.rb:22:in `tagged'
  railties (3.2.9) lib/rails/rack/logger.rb:16:in `call'
  actionpack (3.2.9) lib/action_dispatch/middleware/request_id.rb:22:in `call'
  rack (1.4.5) lib/rack/methodoverride.rb:21:in `call'
  rack (1.4.5) lib/rack/runtime.rb:17:in `call'
  activesupport (3.2.9) lib/active_support/cache/strategy/local_cache.rb:72:in `call'
  rack (1.4.5) lib/rack/lock.rb:15:in `call'
  rack-cache (1.2) lib/rack/cache/context.rb:136:in `forward'
  rack-cache (1.2) lib/rack/cache/context.rb:245:in `fetch'
  rack-cache (1.2) lib/rack/cache/context.rb:185:in `lookup'
  rack-cache (1.2) lib/rack/cache/context.rb:66:in `call!'
  rack-cache (1.2) lib/rack/cache/context.rb:51:in `call'
  railties (3.2.9) lib/rails/engine.rb:479:in `call'
  railties (3.2.9) lib/rails/application.rb:223:in `call'
  rack (1.4.5) lib/rack/content_length.rb:14:in `call'
  railties (3.2.9) lib/rails/rack/log_tailer.rb:17:in `call'
  rack (1.4.5) lib/rack/handler/webrick.rb:59:in `service'
  /home/piotr/.rvm/rubies/ruby-1.9.2-p320/lib/ruby/1.9.1/webrick/httpserver.rb:111:in `service'
  /home/piotr/.rvm/rubies/ruby-1.9.2-p320/lib/ruby/1.9.1/webrick/httpserver.rb:70:in `run'
  /home/piotr/.rvm/rubies/ruby-1.9.2-p320/lib/ruby/1.9.1/webrick/server.rb:183:in `block in start_thread'


Started GET "/favicon.ico" for 156.17.164.2 at 2013-03-07 02:06:56 +0100

ActionController::RoutingError (No route matches [GET] "/favicon.ico"):
  actionpack (3.2.9) lib/action_dispatch/middleware/debug_exceptions.rb:21:in `call'
  actionpack (3.2.9) lib/action_dispatch/middleware/show_exceptions.rb:56:in `call'
  railties (3.2.9) lib/rails/rack/logger.rb:32:in `call_app'
  railties (3.2.9) lib/rails/rack/logger.rb:16:in `block in call'
  activesupport (3.2.9) lib/active_support/tagged_logging.rb:22:in `tagged'
  railties (3.2.9) lib/rails/rack/logger.rb:16:in `call'
  actionpack (3.2.9) lib/action_dispatch/middleware/request_id.rb:22:in `call'
  rack (1.4.5) lib/rack/methodoverride.rb:21:in `call'
  rack (1.4.5) lib/rack/runtime.rb:17:in `call'
  activesupport (3.2.9) lib/active_support/cache/strategy/local_cache.rb:72:in `call'
  rack (1.4.5) lib/rack/lock.rb:15:in `call'
  rack-cache (1.2) lib/rack/cache/context.rb:136:in `forward'
  rack-cache (1.2) lib/rack/cache/context.rb:245:in `fetch'
  rack-cache (1.2) lib/rack/cache/context.rb:185:in `lookup'
  rack-cache (1.2) lib/rack/cache/context.rb:66:in `call!'
  rack-cache (1.2) lib/rack/cache/context.rb:51:in `call'
  railties (3.2.9) lib/rails/engine.rb:479:in `call'
  railties (3.2.9) lib/rails/application.rb:223:in `call'
  rack (1.4.5) lib/rack/content_length.rb:14:in `call'
  railties (3.2.9) lib/rails/rack/log_tailer.rb:17:in `call'
  rack (1.4.5) lib/rack/handler/webrick.rb:59:in `service'
  /home/piotr/.rvm/rubies/ruby-1.9.2-p320/lib/ruby/1.9.1/webrick/httpserver.rb:111:in `service'
  /home/piotr/.rvm/rubies/ruby-1.9.2-p320/lib/ruby/1.9.1/webrick/httpserver.rb:70:in `run'
  /home/piotr/.rvm/rubies/ruby-1.9.2-p320/lib/ruby/1.9.1/webrick/server.rb:183:in `block in start_thread'


Started GET "/" for 156.17.164.2 at 2013-03-07 02:06:58 +0100
Processing by HomeController#index as HTML
  Rendered home/index.html.erb within layouts/application (2.4ms)
  Rendered layouts/_topbar_right.html.erb (0.5ms)
Completed 200 OK in 6ms (Views: 5.4ms | ActiveRecord: 0.0ms)
Started GET "/assets/application-630f1de66aff35af0349fedebae2cf8e.css" for 156.17.164.2 at 2013-03-07 02:06:58 +0100

ActionController::RoutingError (No route matches [GET] "/assets/application-630f1de66aff35af0349fedebae2cf8e.css"):
  actionpack (3.2.9) lib/action_dispatch/middleware/debug_exceptions.rb:21:in `call'
  actionpack (3.2.9) lib/action_dispatch/middleware/show_exceptions.rb:56:in `call'
  railties (3.2.9) lib/rails/rack/logger.rb:32:in `call_app'
  railties (3.2.9) lib/rails/rack/logger.rb:16:in `block in call'
  activesupport (3.2.9) lib/active_support/tagged_logging.rb:22:in `tagged'
  railties (3.2.9) lib/rails/rack/logger.rb:16:in `call'
  actionpack (3.2.9) lib/action_dispatch/middleware/request_id.rb:22:in `call'
  rack (1.4.5) lib/rack/methodoverride.rb:21:in `call'
  rack (1.4.5) lib/rack/runtime.rb:17:in `call'
  activesupport (3.2.9) lib/active_support/cache/strategy/local_cache.rb:72:in `call'
  rack (1.4.5) lib/rack/lock.rb:15:in `call'
  rack-cache (1.2) lib/rack/cache/context.rb:136:in `forward'
  rack-cache (1.2) lib/rack/cache/context.rb:245:in `fetch'
  rack-cache (1.2) lib/rack/cache/context.rb:185:in `lookup'
  rack-cache (1.2) lib/rack/cache/context.rb:66:in `call!'
  rack-cache (1.2) lib/rack/cache/context.rb:51:in `call'
  railties (3.2.9) lib/rails/engine.rb:479:in `call'
  railties (3.2.9) lib/rails/application.rb:223:in `call'
  rack (1.4.5) lib/rack/content_length.rb:14:in `call'
  railties (3.2.9) lib/rails/rack/log_tailer.rb:17:in `call'
  rack (1.4.5) lib/rack/handler/webrick.rb:59:in `service'
  /home/piotr/.rvm/rubies/ruby-1.9.2-p320/lib/ruby/1.9.1/webrick/httpserver.rb:111:in `service'
  /home/piotr/.rvm/rubies/ruby-1.9.2-p320/lib/ruby/1.9.1/webrick/httpserver.rb:70:in `run'
  /home/piotr/.rvm/rubies/ruby-1.9.2-p320/lib/ruby/1.9.1/webrick/server.rb:183:in `block in start_thread'


Started GET "/assets/application-93a0a0a7c82e99d110766d1233d06386.js" for 156.17.164.2 at 2013-03-07 02:06:58 +0100

ActionController::RoutingError (No route matches [GET] "/assets/application-93a0a0a7c82e99d110766d1233d06386.js"):
  actionpack (3.2.9) lib/action_dispatch/middleware/debug_exceptions.rb:21:in `call'
  actionpack (3.2.9) lib/action_dispatch/middleware/show_exceptions.rb:56:in `call'
  railties (3.2.9) lib/rails/rack/logger.rb:32:in `call_app'
  railties (3.2.9) lib/rails/rack/logger.rb:16:in `block in call'
  activesupport (3.2.9) lib/active_support/tagged_logging.rb:22:in `tagged'
  railties (3.2.9) lib/rails/rack/logger.rb:16:in `call'
  actionpack (3.2.9) lib/action_dispatch/middleware/request_id.rb:22:in `call'
  rack (1.4.5) lib/rack/methodoverride.rb:21:in `call'
  rack (1.4.5) lib/rack/runtime.rb:17:in `call'
  activesupport (3.2.9) lib/active_support/cache/strategy/local_cache.rb:72:in `call'
  rack (1.4.5) lib/rack/lock.rb:15:in `call'
  rack-cache (1.2) lib/rack/cache/context.rb:136:in `forward'
  rack-cache (1.2) lib/rack/cache/context.rb:245:in `fetch'
  rack-cache (1.2) lib/rack/cache/context.rb:185:in `lookup'
  rack-cache (1.2) lib/rack/cache/context.rb:66:in `call!'
  rack-cache (1.2) lib/rack/cache/context.rb:51:in `call'
  railties (3.2.9) lib/rails/engine.rb:479:in `call'
  railties (3.2.9) lib/rails/application.rb:223:in `call'
  rack (1.4.5) lib/rack/content_length.rb:14:in `call'
  railties (3.2.9) lib/rails/rack/log_tailer.rb:17:in `call'
  rack (1.4.5) lib/rack/handler/webrick.rb:59:in `service'
  /home/piotr/.rvm/rubies/ruby-1.9.2-p320/lib/ruby/1.9.1/webrick/httpserver.rb:111:in `service'
  /home/piotr/.rvm/rubies/ruby-1.9.2-p320/lib/ruby/1.9.1/webrick/httpserver.rb:70:in `run'
  /home/piotr/.rvm/rubies/ruby-1.9.2-p320/lib/ruby/1.9.1/webrick/server.rb:183:in `block in start_thread'


Started GET "/favicon.ico" for 156.17.164.2 at 2013-03-07 02:06:58 +0100

ActionController::RoutingError (No route matches [GET] "/favicon.ico"):
  actionpack (3.2.9) lib/action_dispatch/middleware/debug_exceptions.rb:21:in `call'
  actionpack (3.2.9) lib/action_dispatch/middleware/show_exceptions.rb:56:in `call'
  railties (3.2.9) lib/rails/rack/logger.rb:32:in `call_app'
  railties (3.2.9) lib/rails/rack/logger.rb:16:in `block in call'
  activesupport (3.2.9) lib/active_support/tagged_logging.rb:22:in `tagged'
  railties (3.2.9) lib/rails/rack/logger.rb:16:in `call'
  actionpack (3.2.9) lib/action_dispatch/middleware/request_id.rb:22:in `call'
  rack (1.4.5) lib/rack/methodoverride.rb:21:in `call'
  rack (1.4.5) lib/rack/runtime.rb:17:in `call'
  activesupport (3.2.9) lib/active_support/cache/strategy/local_cache.rb:72:in `call'
  rack (1.4.5) lib/rack/lock.rb:15:in `call'
  rack-cache (1.2) lib/rack/cache/context.rb:136:in `forward'
  rack-cache (1.2) lib/rack/cache/context.rb:245:in `fetch'
  rack-cache (1.2) lib/rack/cache/context.rb:185:in `lookup'
  rack-cache (1.2) lib/rack/cache/context.rb:66:in `call!'
  rack-cache (1.2) lib/rack/cache/context.rb:51:in `call'
  railties (3.2.9) lib/rails/engine.rb:479:in `call'
  railties (3.2.9) lib/rails/application.rb:223:in `call'
  rack (1.4.5) lib/rack/content_length.rb:14:in `call'
  railties (3.2.9) lib/rails/rack/log_tailer.rb:17:in `call'
  rack (1.4.5) lib/rack/handler/webrick.rb:59:in `service'
  /home/piotr/.rvm/rubies/ruby-1.9.2-p320/lib/ruby/1.9.1/webrick/httpserver.rb:111:in `service'
  /home/piotr/.rvm/rubies/ruby-1.9.2-p320/lib/ruby/1.9.1/webrick/httpserver.rb:70:in `run'
  /home/piotr/.rvm/rubies/ruby-1.9.2-p320/lib/ruby/1.9.1/webrick/server.rb:183:in `block in start_thread'


Started GET "/users/sign_in" for 156.17.164.2 at 2013-03-07 02:07:24 +0100
Processing by Devise::SessionsController#new as HTML
  Rendered devise/sessions/new.html.erb within layouts/application (3.3ms)
  Rendered layouts/_topbar_right.html.erb (0.7ms)
Completed 200 OK in 30ms (Views: 8.5ms | ActiveRecord: 3.0ms)
Started GET "/assets/application-630f1de66aff35af0349fedebae2cf8e.css" for 156.17.164.2 at 2013-03-07 02:07:24 +0100

ActionController::RoutingError (No route matches [GET] "/assets/application-630f1de66aff35af0349fedebae2cf8e.css"):
  actionpack (3.2.9) lib/action_dispatch/middleware/debug_exceptions.rb:21:in `call'
  actionpack (3.2.9) lib/action_dispatch/middleware/show_exceptions.rb:56:in `call'
  railties (3.2.9) lib/rails/rack/logger.rb:32:in `call_app'
  railties (3.2.9) lib/rails/rack/logger.rb:16:in `block in call'
  activesupport (3.2.9) lib/active_support/tagged_logging.rb:22:in `tagged'
  railties (3.2.9) lib/rails/rack/logger.rb:16:in `call'
  actionpack (3.2.9) lib/action_dispatch/middleware/request_id.rb:22:in `call'
  rack (1.4.5) lib/rack/methodoverride.rb:21:in `call'
  rack (1.4.5) lib/rack/runtime.rb:17:in `call'
  activesupport (3.2.9) lib/active_support/cache/strategy/local_cache.rb:72:in `call'
  rack (1.4.5) lib/rack/lock.rb:15:in `call'
  rack-cache (1.2) lib/rack/cache/context.rb:136:in `forward'
  rack-cache (1.2) lib/rack/cache/context.rb:245:in `fetch'
  rack-cache (1.2) lib/rack/cache/context.rb:185:in `lookup'
  rack-cache (1.2) lib/rack/cache/context.rb:66:in `call!'
  rack-cache (1.2) lib/rack/cache/context.rb:51:in `call'
  railties (3.2.9) lib/rails/engine.rb:479:in `call'
  railties (3.2.9) lib/rails/application.rb:223:in `call'
  rack (1.4.5) lib/rack/content_length.rb:14:in `call'
  railties (3.2.9) lib/rails/rack/log_tailer.rb:17:in `call'
  rack (1.4.5) lib/rack/handler/webrick.rb:59:in `service'
  /home/piotr/.rvm/rubies/ruby-1.9.2-p320/lib/ruby/1.9.1/webrick/httpserver.rb:111:in `service'
  /home/piotr/.rvm/rubies/ruby-1.9.2-p320/lib/ruby/1.9.1/webrick/httpserver.rb:70:in `run'
  /home/piotr/.rvm/rubies/ruby-1.9.2-p320/lib/ruby/1.9.1/webrick/server.rb:183:in `block in start_thread'


Started GET "/assets/application-93a0a0a7c82e99d110766d1233d06386.js" for 156.17.164.2 at 2013-03-07 02:07:24 +0100

ActionController::RoutingError (No route matches [GET] "/assets/application-93a0a0a7c82e99d110766d1233d06386.js"):
  actionpack (3.2.9) lib/action_dispatch/middleware/debug_exceptions.rb:21:in `call'
  actionpack (3.2.9) lib/action_dispatch/middleware/show_exceptions.rb:56:in `call'
  railties (3.2.9) lib/rails/rack/logger.rb:32:in `call_app'
  railties (3.2.9) lib/rails/rack/logger.rb:16:in `block in call'
  activesupport (3.2.9) lib/active_support/tagged_logging.rb:22:in `tagged'
  railties (3.2.9) lib/rails/rack/logger.rb:16:in `call'
  actionpack (3.2.9) lib/action_dispatch/middleware/request_id.rb:22:in `call'
  rack (1.4.5) lib/rack/methodoverride.rb:21:in `call'
  rack (1.4.5) lib/rack/runtime.rb:17:in `call'
  activesupport (3.2.9) lib/active_support/cache/strategy/local_cache.rb:72:in `call'
  rack (1.4.5) lib/rack/lock.rb:15:in `call'
  rack-cache (1.2) lib/rack/cache/context.rb:136:in `forward'
  rack-cache (1.2) lib/rack/cache/context.rb:245:in `fetch'
  rack-cache (1.2) lib/rack/cache/context.rb:185:in `lookup'
  rack-cache (1.2) lib/rack/cache/context.rb:66:in `call!'
  rack-cache (1.2) lib/rack/cache/context.rb:51:in `call'
  railties (3.2.9) lib/rails/engine.rb:479:in `call'
  railties (3.2.9) lib/rails/application.rb:223:in `call'
  rack (1.4.5) lib/rack/content_length.rb:14:in `call'
  railties (3.2.9) lib/rails/rack/log_tailer.rb:17:in `call'
  rack (1.4.5) lib/rack/handler/webrick.rb:59:in `service'
  /home/piotr/.rvm/rubies/ruby-1.9.2-p320/lib/ruby/1.9.1/webrick/httpserver.rb:111:in `service'
  /home/piotr/.rvm/rubies/ruby-1.9.2-p320/lib/ruby/1.9.1/webrick/httpserver.rb:70:in `run'
  /home/piotr/.rvm/rubies/ruby-1.9.2-p320/lib/ruby/1.9.1/webrick/server.rb:183:in `block in start_thread'


Started GET "/favicon.ico" for 156.17.164.2 at 2013-03-07 02:07:24 +0100

ActionController::RoutingError (No route matches [GET] "/favicon.ico"):
  actionpack (3.2.9) lib/action_dispatch/middleware/debug_exceptions.rb:21:in `call'
  actionpack (3.2.9) lib/action_dispatch/middleware/show_exceptions.rb:56:in `call'
  railties (3.2.9) lib/rails/rack/logger.rb:32:in `call_app'
  railties (3.2.9) lib/rails/rack/logger.rb:16:in `block in call'
  activesupport (3.2.9) lib/active_support/tagged_logging.rb:22:in `tagged'
  railties (3.2.9) lib/rails/rack/logger.rb:16:in `call'
  actionpack (3.2.9) lib/action_dispatch/middleware/request_id.rb:22:in `call'
  rack (1.4.5) lib/rack/methodoverride.rb:21:in `call'
  rack (1.4.5) lib/rack/runtime.rb:17:in `call'
  activesupport (3.2.9) lib/active_support/cache/strategy/local_cache.rb:72:in `call'
  rack (1.4.5) lib/rack/lock.rb:15:in `call'
  rack-cache (1.2) lib/rack/cache/context.rb:136:in `forward'
  rack-cache (1.2) lib/rack/cache/context.rb:245:in `fetch'
  rack-cache (1.2) lib/rack/cache/context.rb:185:in `lookup'
  rack-cache (1.2) lib/rack/cache/context.rb:66:in `call!'
  rack-cache (1.2) lib/rack/cache/context.rb:51:in `call'
  railties (3.2.9) lib/rails/engine.rb:479:in `call'
  railties (3.2.9) lib/rails/application.rb:223:in `call'
  rack (1.4.5) lib/rack/content_length.rb:14:in `call'
  railties (3.2.9) lib/rails/rack/log_tailer.rb:17:in `call'
  rack (1.4.5) lib/rack/handler/webrick.rb:59:in `service'
  /home/piotr/.rvm/rubies/ruby-1.9.2-p320/lib/ruby/1.9.1/webrick/httpserver.rb:111:in `service'
  /home/piotr/.rvm/rubies/ruby-1.9.2-p320/lib/ruby/1.9.1/webrick/httpserver.rb:70:in `run'
  /home/piotr/.rvm/rubies/ruby-1.9.2-p320/lib/ruby/1.9.1/webrick/server.rb:183:in `block in start_thread'


Connecting to database specified by database.yml
Started GET "/" for 89.70.187.135 at 2013-03-07 19:27:45 +0100
Processing by HomeController#index as HTML
  Rendered home/index.html.erb within layouts/application (65.4ms)
  Rendered layouts/_topbar_right.html.erb (1.4ms)
Completed 200 OK in 141ms (Views: 140.5ms | ActiveRecord: 0.0ms)
Started GET "/assets/application-630f1de66aff35af0349fedebae2cf8e.css" for 89.70.187.135 at 2013-03-07 19:27:45 +0100

ActionController::RoutingError (No route matches [GET] "/assets/application-630f1de66aff35af0349fedebae2cf8e.css"):
  actionpack (3.2.9) lib/action_dispatch/middleware/debug_exceptions.rb:21:in `call'
  actionpack (3.2.9) lib/action_dispatch/middleware/show_exceptions.rb:56:in `call'
  railties (3.2.9) lib/rails/rack/logger.rb:32:in `call_app'
  railties (3.2.9) lib/rails/rack/logger.rb:16:in `block in call'
  activesupport (3.2.9) lib/active_support/tagged_logging.rb:22:in `tagged'
  railties (3.2.9) lib/rails/rack/logger.rb:16:in `call'
  actionpack (3.2.9) lib/action_dispatch/middleware/request_id.rb:22:in `call'
  rack (1.4.5) lib/rack/methodoverride.rb:21:in `call'
  rack (1.4.5) lib/rack/runtime.rb:17:in `call'
  activesupport (3.2.9) lib/active_support/cache/strategy/local_cache.rb:72:in `call'
  rack (1.4.5) lib/rack/lock.rb:15:in `call'
  rack-cache (1.2) lib/rack/cache/context.rb:136:in `forward'
  rack-cache (1.2) lib/rack/cache/context.rb:245:in `fetch'
  rack-cache (1.2) lib/rack/cache/context.rb:185:in `lookup'
  rack-cache (1.2) lib/rack/cache/context.rb:66:in `call!'
  rack-cache (1.2) lib/rack/cache/context.rb:51:in `call'
  railties (3.2.9) lib/rails/engine.rb:479:in `call'
  railties (3.2.9) lib/rails/application.rb:223:in `call'
  rack (1.4.5) lib/rack/content_length.rb:14:in `call'
  railties (3.2.9) lib/rails/rack/log_tailer.rb:17:in `call'
  rack (1.4.5) lib/rack/handler/webrick.rb:59:in `service'
  /home/piotr/.rvm/rubies/ruby-1.9.2-p320/lib/ruby/1.9.1/webrick/httpserver.rb:111:in `service'
  /home/piotr/.rvm/rubies/ruby-1.9.2-p320/lib/ruby/1.9.1/webrick/httpserver.rb:70:in `run'
  /home/piotr/.rvm/rubies/ruby-1.9.2-p320/lib/ruby/1.9.1/webrick/server.rb:183:in `block in start_thread'


Started GET "/assets/application-93a0a0a7c82e99d110766d1233d06386.js" for 89.70.187.135 at 2013-03-07 19:27:45 +0100

ActionController::RoutingError (No route matches [GET] "/assets/application-93a0a0a7c82e99d110766d1233d06386.js"):
  actionpack (3.2.9) lib/action_dispatch/middleware/debug_exceptions.rb:21:in `call'
  actionpack (3.2.9) lib/action_dispatch/middleware/show_exceptions.rb:56:in `call'
  railties (3.2.9) lib/rails/rack/logger.rb:32:in `call_app'
  railties (3.2.9) lib/rails/rack/logger.rb:16:in `block in call'
  activesupport (3.2.9) lib/active_support/tagged_logging.rb:22:in `tagged'
  railties (3.2.9) lib/rails/rack/logger.rb:16:in `call'
  actionpack (3.2.9) lib/action_dispatch/middleware/request_id.rb:22:in `call'
  rack (1.4.5) lib/rack/methodoverride.rb:21:in `call'
  rack (1.4.5) lib/rack/runtime.rb:17:in `call'
  activesupport (3.2.9) lib/active_support/cache/strategy/local_cache.rb:72:in `call'
  rack (1.4.5) lib/rack/lock.rb:15:in `call'
  rack-cache (1.2) lib/rack/cache/context.rb:136:in `forward'
  rack-cache (1.2) lib/rack/cache/context.rb:245:in `fetch'
  rack-cache (1.2) lib/rack/cache/context.rb:185:in `lookup'
  rack-cache (1.2) lib/rack/cache/context.rb:66:in `call!'
  rack-cache (1.2) lib/rack/cache/context.rb:51:in `call'
  railties (3.2.9) lib/rails/engine.rb:479:in `call'
  railties (3.2.9) lib/rails/application.rb:223:in `call'
  rack (1.4.5) lib/rack/content_length.rb:14:in `call'
  railties (3.2.9) lib/rails/rack/log_tailer.rb:17:in `call'
  rack (1.4.5) lib/rack/handler/webrick.rb:59:in `service'
  /home/piotr/.rvm/rubies/ruby-1.9.2-p320/lib/ruby/1.9.1/webrick/httpserver.rb:111:in `service'
  /home/piotr/.rvm/rubies/ruby-1.9.2-p320/lib/ruby/1.9.1/webrick/httpserver.rb:70:in `run'
  /home/piotr/.rvm/rubies/ruby-1.9.2-p320/lib/ruby/1.9.1/webrick/server.rb:183:in `block in start_thread'


Started GET "/favicon.ico" for 89.70.187.135 at 2013-03-07 19:27:46 +0100

ActionController::RoutingError (No route matches [GET] "/favicon.ico"):
  actionpack (3.2.9) lib/action_dispatch/middleware/debug_exceptions.rb:21:in `call'
  actionpack (3.2.9) lib/action_dispatch/middleware/show_exceptions.rb:56:in `call'
  railties (3.2.9) lib/rails/rack/logger.rb:32:in `call_app'
  railties (3.2.9) lib/rails/rack/logger.rb:16:in `block in call'
  activesupport (3.2.9) lib/active_support/tagged_logging.rb:22:in `tagged'
  railties (3.2.9) lib/rails/rack/logger.rb:16:in `call'
  actionpack (3.2.9) lib/action_dispatch/middleware/request_id.rb:22:in `call'
  rack (1.4.5) lib/rack/methodoverride.rb:21:in `call'
  rack (1.4.5) lib/rack/runtime.rb:17:in `call'
  activesupport (3.2.9) lib/active_support/cache/strategy/local_cache.rb:72:in `call'
  rack (1.4.5) lib/rack/lock.rb:15:in `call'
  rack-cache (1.2) lib/rack/cache/context.rb:136:in `forward'
  rack-cache (1.2) lib/rack/cache/context.rb:245:in `fetch'
  rack-cache (1.2) lib/rack/cache/context.rb:185:in `lookup'
  rack-cache (1.2) lib/rack/cache/context.rb:66:in `call!'
  rack-cache (1.2) lib/rack/cache/context.rb:51:in `call'
  railties (3.2.9) lib/rails/engine.rb:479:in `call'
  railties (3.2.9) lib/rails/application.rb:223:in `call'
  rack (1.4.5) lib/rack/content_length.rb:14:in `call'
  railties (3.2.9) lib/rails/rack/log_tailer.rb:17:in `call'
  rack (1.4.5) lib/rack/handler/webrick.rb:59:in `service'
  /home/piotr/.rvm/rubies/ruby-1.9.2-p320/lib/ruby/1.9.1/webrick/httpserver.rb:111:in `service'
  /home/piotr/.rvm/rubies/ruby-1.9.2-p320/lib/ruby/1.9.1/webrick/httpserver.rb:70:in `run'
  /home/piotr/.rvm/rubies/ruby-1.9.2-p320/lib/ruby/1.9.1/webrick/server.rb:183:in `block in start_thread'


Connecting to database specified by database.yml
Connecting to database specified by database.yml
Started GET "/" for 127.0.0.1 at 2013-03-07 20:57:19 +0100
Processing by HomeController#index as HTML
  Rendered home/index.html.erb within layouts/application (9.1ms)
  Rendered layouts/_topbar_right.html.erb (1.4ms)
Completed 200 OK in 85ms (Views: 84.4ms | ActiveRecord: 0.0ms)
Connecting to database specified by database.yml
Started GET "/" for 127.0.0.1 at 2013-03-07 21:07:28 +0100
Processing by HomeController#index as HTML
  Rendered home/index.html.erb within layouts/application (8.4ms)
  Rendered layouts/_topbar_right.html.erb (1.3ms)
Completed 200 OK in 87ms (Views: 86.6ms | ActiveRecord: 0.0ms)
Started GET "/" for 127.0.0.1 at 2013-03-07 21:07:33 +0100
Processing by HomeController#index as HTML
  Rendered home/index.html.erb within layouts/application (2.8ms)
  Rendered layouts/_topbar_right.html.erb (0.5ms)
Completed 200 OK in 6ms (Views: 5.7ms | ActiveRecord: 0.0ms)
Started GET "/orders" for 127.0.0.1 at 2013-03-07 21:07:43 +0100
Processing by OrdersController#index as HTML
  Rendered orders/_sidebar.html.erb (619.1ms)
  Rendered layouts/_notifications.html.erb (0.8ms)
  Rendered orders/index.html.erb within layouts/application (743.4ms)
  Rendered layouts/_topbar_right.html.erb (1.7ms)
Completed 200 OK in 874ms (Views: 247.0ms | ActiveRecord: 619.1ms)
Started GET "/users/sign_in" for 127.0.0.1 at 2013-03-07 21:07:56 +0100
Processing by Devise::SessionsController#new as HTML
  Rendered devise/sessions/new.html.erb within layouts/application (4.3ms)
  Rendered layouts/_topbar_right.html.erb (0.7ms)
Completed 200 OK in 64ms (Views: 19.2ms | ActiveRecord: 25.3ms)
Started GET "/" for 127.0.0.1 at 2013-03-07 22:47:25 +0100
Processing by HomeController#index as HTML
  Rendered home/index.html.erb within layouts/application (3.4ms)
  Rendered layouts/_topbar_right.html.erb (0.5ms)
Completed 200 OK in 8ms (Views: 7.8ms | ActiveRecord: 0.0ms)
Started GET "/" for 127.0.0.1 at 2013-03-07 22:47:35 +0100
Processing by HomeController#index as HTML
  Rendered home/index.html.erb within layouts/application (2.0ms)
  Rendered layouts/_topbar_right.html.erb (0.4ms)
Completed 200 OK in 5ms (Views: 4.6ms | ActiveRecord: 0.0ms)
Started GET "/" for 127.0.0.1 at 2013-03-07 22:47:50 +0100
Processing by HomeController#index as HTML
  Rendered home/index.html.erb within layouts/application (2.0ms)
  Rendered layouts/_topbar_right.html.erb (0.4ms)
Completed 200 OK in 5ms (Views: 4.5ms | ActiveRecord: 0.0ms)
Started GET "/" for 127.0.0.1 at 2013-03-07 22:47:58 +0100
Processing by HomeController#index as HTML
  Rendered home/index.html.erb within layouts/application (2.0ms)
  Rendered layouts/_topbar_right.html.erb (0.5ms)
Completed 200 OK in 5ms (Views: 4.4ms | ActiveRecord: 0.0ms)
Started GET "/" for 127.0.0.1 at 2013-03-07 22:48:00 +0100
Processing by HomeController#index as HTML
  Rendered home/index.html.erb within layouts/application (2.0ms)
  Rendered layouts/_topbar_right.html.erb (0.4ms)
Completed 200 OK in 5ms (Views: 4.4ms | ActiveRecord: 0.0ms)
Started POST "/users" for 127.0.0.1 at 2013-03-07 22:48:20 +0100
Processing by Devise::RegistrationsController#create as HTML
  Parameters: {"utf8"=>"✓", "authenticity_token"=>"INGeBieY6O4hzDGtMn5jDopvIstiGGlo9c6whdclOQ0=", "user"=>{"email"=>"piotr.user@gmail.com", "password"=>"[FILTERED]", "password_confirmation"=>"[FILTERED]", "confirmed_terms"=>"0"}, "commit"=>"Rejestracja"}
  Rendered devise/registrations/new.html.erb within layouts/application (2.6ms)
  Rendered layouts/_topbar_right.html.erb (0.8ms)
Completed 200 OK in 250ms (Views: 35.3ms | ActiveRecord: 0.0ms)
Started POST "/users" for 127.0.0.1 at 2013-03-07 22:48:31 +0100
Processing by Devise::RegistrationsController#create as HTML
  Parameters: {"utf8"=>"✓", "authenticity_token"=>"INGeBieY6O4hzDGtMn5jDopvIstiGGlo9c6whdclOQ0=", "user"=>{"email"=>"piotr.user@gmail.com", "password"=>"[FILTERED]", "password_confirmation"=>"[FILTERED]", "confirmed_terms"=>"0"}, "commit"=>"Rejestracja"}
  Rendered devise/registrations/new.html.erb within layouts/application (2.5ms)
  Rendered layouts/_topbar_right.html.erb (0.7ms)
Completed 200 OK in 273ms (Views: 7.2ms | ActiveRecord: 0.0ms)
Started POST "/users" for 127.0.0.1 at 2013-03-07 22:48:41 +0100
Processing by Devise::RegistrationsController#create as HTML
  Parameters: {"utf8"=>"✓", "authenticity_token"=>"INGeBieY6O4hzDGtMn5jDopvIstiGGlo9c6whdclOQ0=", "user"=>{"email"=>"piotr.user@gmail.com", "password"=>"[FILTERED]", "password_confirmation"=>"[FILTERED]", "confirmed_terms"=>"1"}, "commit"=>"Rejestracja"}
Redirected to http://episarze.pl/
Completed 302 Found in 127ms (ActiveRecord: 0.0ms)
Started GET "/" for 127.0.0.1 at 2013-03-07 22:48:41 +0100
Processing by HomeController#index as HTML
  Rendered home/index.html.erb within layouts/application (13.8ms)
  Rendered layouts/_signed_in_topbar.html.erb (80.1ms)
  Rendered layouts/_topbar_right.html.erb (89.5ms)
Completed 200 OK in 106ms (Views: 101.2ms | ActiveRecord: 4.7ms)
Started GET "/orders" for 127.0.0.1 at 2013-03-07 22:48:46 +0100
Processing by OrdersController#index as HTML
  Rendered orders/_sidebar.html.erb (7.9ms)
  Rendered layouts/_notifications.html.erb (0.1ms)
  Rendered orders/index.html.erb within layouts/application (10.3ms)
  Rendered layouts/_signed_in_topbar.html.erb (88.9ms)
  Rendered layouts/_topbar_right.html.erb (103.0ms)
Completed 200 OK in 118ms (Views: 111.2ms | ActiveRecord: 4.4ms)
Started GET "/orders?utf8=%E2%9C%93&q%5Bname_cont%5D=test&q%5Bprice_gteq%5D=&q%5Bprice_lteq%5D=&commit=Szukaj" for 127.0.0.1 at 2013-03-07 22:48:49 +0100
Processing by OrdersController#index as HTML
  Parameters: {"utf8"=>"✓", "q"=>{"name_cont"=>"test", "price_gteq"=>"", "price_lteq"=>""}, "commit"=>"Szukaj"}
  Rendered orders/_sidebar.html.erb (68.2ms)
  Rendered layouts/_notifications.html.erb (0.7ms)
  Rendered orders/index.html.erb within layouts/application (127.2ms)
  Rendered layouts/_signed_in_topbar.html.erb (3.3ms)
  Rendered layouts/_topbar_right.html.erb (5.6ms)
Completed 200 OK in 149ms (Views: 85.0ms | ActiveRecord: 54.9ms)
Started GET "/orders" for 127.0.0.1 at 2013-03-07 22:48:53 +0100
Processing by OrdersController#index as HTML
  Rendered orders/_sidebar.html.erb (7.2ms)
  Rendered layouts/_notifications.html.erb (0.1ms)
  Rendered orders/index.html.erb within layouts/application (9.5ms)
  Rendered layouts/_signed_in_topbar.html.erb (2.9ms)
  Rendered layouts/_topbar_right.html.erb (4.6ms)
Completed 200 OK in 18ms (Views: 15.2ms | ActiveRecord: 1.2ms)
Started GET "/" for 127.0.0.1 at 2013-03-07 22:48:55 +0100
Processing by HomeController#index as HTML
  Rendered home/index.html.erb within layouts/application (2.3ms)
  Rendered layouts/_signed_in_topbar.html.erb (2.9ms)
  Rendered layouts/_topbar_right.html.erb (3.3ms)
Completed 200 OK in 8ms (Views: 7.1ms | ActiveRecord: 0.8ms)
Started GET "/admin" for 127.0.0.1 at 2013-03-07 22:49:01 +0100
Processing by Admin::DashboardController#index as HTML
Completed 401 Unauthorized in 1ms
Started GET "/admins/sign_in" for 127.0.0.1 at 2013-03-07 22:49:01 +0100
Processing by Devise::SessionsController#new as HTML
  Rendered devise/sessions/new.html.erb within layouts/application (1.8ms)
  Rendered layouts/_signed_in_topbar.html.erb (3.0ms)
  Rendered layouts/_topbar_right.html.erb (5.2ms)
Completed 200 OK in 93ms (Views: 8.8ms | ActiveRecord: 11.8ms)
Started DELETE "/users/sign_out" for 127.0.0.1 at 2013-03-07 22:49:04 +0100
Processing by Devise::SessionsController#destroy as HTML
  Parameters: {"authenticity_token"=>"INGeBieY6O4hzDGtMn5jDopvIstiGGlo9c6whdclOQ0="}
Redirected to http://episarze.pl/
Completed 302 Found in 10ms (ActiveRecord: 0.8ms)
Started GET "/" for 127.0.0.1 at 2013-03-07 22:49:04 +0100
Processing by HomeController#index as HTML
  Rendered home/index.html.erb within layouts/application (2.3ms)
  Rendered layouts/_topbar_right.html.erb (0.4ms)
Completed 200 OK in 5ms (Views: 5.1ms | ActiveRecord: 0.0ms)
Connecting to database specified by database.yml
Started GET "/admin" for 127.0.0.1 at 2013-03-07 22:53:01 +0100
Processing by Admin::DashboardController#index as HTML
Completed 401 Unauthorized in 1ms
Started GET "/admins/sign_in" for 127.0.0.1 at 2013-03-07 22:53:01 +0100
Processing by Devise::SessionsController#new as HTML
  Rendered devise/sessions/new.html.erb within layouts/application (1.5ms)
  Rendered layouts/_topbar_right.html.erb (0.6ms)
Completed 200 OK in 5ms (Views: 4.5ms | ActiveRecord: 0.0ms)
Started POST "/admins/sign_in" for 127.0.0.1 at 2013-03-07 22:53:08 +0100
Processing by Devise::SessionsController#create as HTML
  Parameters: {"utf8"=>"✓", "authenticity_token"=>"aWqXLHx0Rg4PaIHAemhScqzjD+Ear6GJtDyfxXo7kho=", "admin"=>{"email"=>"piotr.imbierowicz@gmail.com", "password"=>"[FILTERED]", "remember_me"=>"0"}, "commit"=>"Zaloguj"}
Redirected to http://episarze.pl/admin
Completed 302 Found in 109ms (ActiveRecord: 0.0ms)
Started GET "/admin" for 127.0.0.1 at 2013-03-07 22:53:08 +0100
Processing by Admin::DashboardController#index as HTML
  Rendered admin/dashboard/index.html.erb within layouts/admin (0.4ms)
  Rendered layouts/_topbar_right.html.erb (1.0ms)
  Rendered admin/_sidebar.html.erb (2.4ms)
  Rendered layouts/_notifications.html.erb (0.1ms)
Completed 200 OK in 45ms (Views: 42.3ms | ActiveRecord: 0.7ms)
Started GET "/admin" for 127.0.0.1 at 2013-03-07 22:53:18 +0100
Processing by Admin::DashboardController#index as HTML
  Rendered admin/dashboard/index.html.erb within layouts/admin (0.0ms)
  Rendered layouts/_topbar_right.html.erb (0.7ms)
  Rendered admin/_sidebar.html.erb (1.9ms)
  Rendered layouts/_notifications.html.erb (0.0ms)
Completed 200 OK in 7ms (Views: 5.4ms | ActiveRecord: 0.5ms)
Started GET "/admin/customers" for 127.0.0.1 at 2013-03-07 22:53:20 +0100
Processing by Admin::AdminsController#customers as HTML
Completed 500 Internal Server Error in 5ms

ActionView::MissingTemplate (Missing template admin/admins/customers, admin/admin/customers, application/customers with {:locale=>[:en], :formats=>[:html], :handlers=>[:erb, :builder]}. Searched in:
  * "/home/piotr/projects/TProv/app/views"
  * "/home/piotr/.rvm/gems/ruby-1.9.2-p320@tprov/gems/devise-2.2.3/app/views"
):
  actionpack (3.2.9) lib/action_view/path_set.rb:58:in `find'
  actionpack (3.2.9) lib/action_view/lookup_context.rb:109:in `find'
  actionpack (3.2.9) lib/action_view/renderer/abstract_renderer.rb:3:in `find_template'
  actionpack (3.2.9) lib/action_view/renderer/template_renderer.rb:34:in `determine_template'
  actionpack (3.2.9) lib/action_view/renderer/template_renderer.rb:10:in `render'
  actionpack (3.2.9) lib/action_view/renderer/renderer.rb:36:in `render_template'
  actionpack (3.2.9) lib/action_view/renderer/renderer.rb:17:in `render'
  actionpack (3.2.9) lib/abstract_controller/rendering.rb:110:in `_render_template'
  actionpack (3.2.9) lib/action_controller/metal/streaming.rb:225:in `_render_template'
  actionpack (3.2.9) lib/abstract_controller/rendering.rb:103:in `render_to_body'
  actionpack (3.2.9) lib/action_controller/metal/renderers.rb:28:in `render_to_body'
  actionpack (3.2.9) lib/action_controller/metal/compatibility.rb:50:in `render_to_body'
  actionpack (3.2.9) lib/abstract_controller/rendering.rb:88:in `render'
  actionpack (3.2.9) lib/action_controller/metal/rendering.rb:16:in `render'
  actionpack (3.2.9) lib/action_controller/metal/instrumentation.rb:40:in `block (2 levels) in render'
  activesupport (3.2.9) lib/active_support/core_ext/benchmark.rb:5:in `block in ms'
  /home/piotr/.rvm/rubies/ruby-1.9.2-p320/lib/ruby/1.9.1/benchmark.rb:310:in `realtime'
  activesupport (3.2.9) lib/active_support/core_ext/benchmark.rb:5:in `ms'
  actionpack (3.2.9) lib/action_controller/metal/instrumentation.rb:40:in `block in render'
  actionpack (3.2.9) lib/action_controller/metal/instrumentation.rb:83:in `cleanup_view_runtime'
  activerecord (3.2.9) lib/active_record/railties/controller_runtime.rb:24:in `cleanup_view_runtime'
  actionpack (3.2.9) lib/action_controller/metal/instrumentation.rb:39:in `render'
  actionpack (3.2.9) lib/action_controller/metal/implicit_render.rb:10:in `default_render'
  actionpack (3.2.9) lib/action_controller/metal/implicit_render.rb:5:in `send_action'
  actionpack (3.2.9) lib/abstract_controller/base.rb:167:in `process_action'
  actionpack (3.2.9) lib/action_controller/metal/rendering.rb:10:in `process_action'
  actionpack (3.2.9) lib/abstract_controller/callbacks.rb:18:in `block in process_action'
  activesupport (3.2.9) lib/active_support/callbacks.rb:436:in `_run__3040480177901334626__process_action__2895001929382042305__callbacks'
  activesupport (3.2.9) lib/active_support/callbacks.rb:405:in `__run_callback'
  activesupport (3.2.9) lib/active_support/callbacks.rb:385:in `_run_process_action_callbacks'
  activesupport (3.2.9) lib/active_support/callbacks.rb:81:in `run_callbacks'
  actionpack (3.2.9) lib/abstract_controller/callbacks.rb:17:in `process_action'
  actionpack (3.2.9) lib/action_controller/metal/rescue.rb:29:in `process_action'
  actionpack (3.2.9) lib/action_controller/metal/instrumentation.rb:30:in `block in process_action'
  activesupport (3.2.9) lib/active_support/notifications.rb:123:in `block in instrument'
  activesupport (3.2.9) lib/active_support/notifications/instrumenter.rb:20:in `instrument'
  activesupport (3.2.9) lib/active_support/notifications.rb:123:in `instrument'
  actionpack (3.2.9) lib/action_controller/metal/instrumentation.rb:29:in `process_action'
  actionpack (3.2.9) lib/action_controller/metal/params_wrapper.rb:207:in `process_action'
  activerecord (3.2.9) lib/active_record/railties/controller_runtime.rb:18:in `process_action'
  actionpack (3.2.9) lib/abstract_controller/base.rb:121:in `process'
  actionpack (3.2.9) lib/abstract_controller/rendering.rb:45:in `process'
  actionpack (3.2.9) lib/action_controller/metal.rb:203:in `dispatch'
  actionpack (3.2.9) lib/action_controller/metal/rack_delegation.rb:14:in `dispatch'
  actionpack (3.2.9) lib/action_controller/metal.rb:246:in `block in action'
  actionpack (3.2.9) lib/action_dispatch/routing/route_set.rb:73:in `call'
  actionpack (3.2.9) lib/action_dispatch/routing/route_set.rb:73:in `dispatch'
  actionpack (3.2.9) lib/action_dispatch/routing/route_set.rb:36:in `call'
  journey (1.0.4) lib/journey/router.rb:68:in `block in call'
  journey (1.0.4) lib/journey/router.rb:56:in `each'
  journey (1.0.4) lib/journey/router.rb:56:in `call'
  actionpack (3.2.9) lib/action_dispatch/routing/route_set.rb:601:in `call'
  warden (1.2.1) lib/warden/manager.rb:35:in `block in call'
  warden (1.2.1) lib/warden/manager.rb:34:in `catch'
  warden (1.2.1) lib/warden/manager.rb:34:in `call'
  actionpack (3.2.9) lib/action_dispatch/middleware/best_standards_support.rb:17:in `call'
  rack (1.4.5) lib/rack/etag.rb:23:in `call'
  rack (1.4.5) lib/rack/conditionalget.rb:25:in `call'
  actionpack (3.2.9) lib/action_dispatch/middleware/head.rb:14:in `call'
  actionpack (3.2.9) lib/action_dispatch/middleware/params_parser.rb:21:in `call'
  actionpack (3.2.9) lib/action_dispatch/middleware/flash.rb:242:in `call'
  rack (1.4.5) lib/rack/session/abstract/id.rb:210:in `context'
  rack (1.4.5) lib/rack/session/abstract/id.rb:205:in `call'
  actionpack (3.2.9) lib/action_dispatch/middleware/cookies.rb:341:in `call'
  activerecord (3.2.9) lib/active_record/query_cache.rb:64:in `call'
  activerecord (3.2.9) lib/active_record/connection_adapters/abstract/connection_pool.rb:479:in `call'
  actionpack (3.2.9) lib/action_dispatch/middleware/callbacks.rb:28:in `block in call'
  activesupport (3.2.9) lib/active_support/callbacks.rb:405:in `_run__2339530336035020846__call__2629412876406964266__callbacks'
  activesupport (3.2.9) lib/active_support/callbacks.rb:405:in `__run_callback'
  activesupport (3.2.9) lib/active_support/callbacks.rb:385:in `_run_call_callbacks'
  activesupport (3.2.9) lib/active_support/callbacks.rb:81:in `run_callbacks'
  actionpack (3.2.9) lib/action_dispatch/middleware/callbacks.rb:27:in `call'
  actionpack (3.2.9) lib/action_dispatch/middleware/remote_ip.rb:31:in `call'
  actionpack (3.2.9) lib/action_dispatch/middleware/debug_exceptions.rb:16:in `call'
  actionpack (3.2.9) lib/action_dispatch/middleware/show_exceptions.rb:56:in `call'
  railties (3.2.9) lib/rails/rack/logger.rb:32:in `call_app'
  railties (3.2.9) lib/rails/rack/logger.rb:16:in `block in call'
  activesupport (3.2.9) lib/active_support/tagged_logging.rb:22:in `tagged'
  railties (3.2.9) lib/rails/rack/logger.rb:16:in `call'
  actionpack (3.2.9) lib/action_dispatch/middleware/request_id.rb:22:in `call'
  rack (1.4.5) lib/rack/methodoverride.rb:21:in `call'
  rack (1.4.5) lib/rack/runtime.rb:17:in `call'
  activesupport (3.2.9) lib/active_support/cache/strategy/local_cache.rb:72:in `call'
  rack (1.4.5) lib/rack/lock.rb:15:in `call'
  rack-cache (1.2) lib/rack/cache/context.rb:136:in `forward'
  rack-cache (1.2) lib/rack/cache/context.rb:245:in `fetch'
  rack-cache (1.2) lib/rack/cache/context.rb:185:in `lookup'
  rack-cache (1.2) lib/rack/cache/context.rb:66:in `call!'
  rack-cache (1.2) lib/rack/cache/context.rb:51:in `call'
  railties (3.2.9) lib/rails/engine.rb:479:in `call'
  railties (3.2.9) lib/rails/application.rb:223:in `call'
  railties (3.2.9) lib/rails/railtie/configurable.rb:30:in `method_missing'
  unicorn (4.6.2) lib/unicorn/http_server.rb:552:in `process_client'
  unicorn (4.6.2) lib/unicorn/http_server.rb:632:in `worker_loop'
  unicorn (4.6.2) lib/unicorn/http_server.rb:500:in `spawn_missing_workers'
  unicorn (4.6.2) lib/unicorn/http_server.rb:142:in `start'
  unicorn (4.6.2) bin/unicorn_rails:209:in `<top (required)>'
  /home/piotr/.rvm/gems/ruby-1.9.2-p320@tprov/bin/unicorn_rails:19:in `load'
  /home/piotr/.rvm/gems/ruby-1.9.2-p320@tprov/bin/unicorn_rails:19:in `<main>'
  /home/piotr/.rvm/gems/ruby-1.9.2-p320@tprov/bin/ruby_noexec_wrapper:14:in `eval'
  /home/piotr/.rvm/gems/ruby-1.9.2-p320@tprov/bin/ruby_noexec_wrapper:14:in `<main>'


Started GET "/admin/customers" for 127.0.0.1 at 2013-03-07 22:53:23 +0100
Processing by Admin::AdminsController#customers as HTML
Completed 500 Internal Server Error in 3ms

ActionView::MissingTemplate (Missing template admin/admins/customers, admin/admin/customers, application/customers with {:locale=>[:en], :formats=>[:html], :handlers=>[:erb, :builder]}. Searched in:
  * "/home/piotr/projects/TProv/app/views"
  * "/home/piotr/.rvm/gems/ruby-1.9.2-p320@tprov/gems/devise-2.2.3/app/views"
):
  actionpack (3.2.9) lib/action_view/path_set.rb:58:in `find'
  actionpack (3.2.9) lib/action_view/lookup_context.rb:109:in `find'
  actionpack (3.2.9) lib/action_view/renderer/abstract_renderer.rb:3:in `find_template'
  actionpack (3.2.9) lib/action_view/renderer/template_renderer.rb:34:in `determine_template'
  actionpack (3.2.9) lib/action_view/renderer/template_renderer.rb:10:in `render'
  actionpack (3.2.9) lib/action_view/renderer/renderer.rb:36:in `render_template'
  actionpack (3.2.9) lib/action_view/renderer/renderer.rb:17:in `render'
  actionpack (3.2.9) lib/abstract_controller/rendering.rb:110:in `_render_template'
  actionpack (3.2.9) lib/action_controller/metal/streaming.rb:225:in `_render_template'
  actionpack (3.2.9) lib/abstract_controller/rendering.rb:103:in `render_to_body'
  actionpack (3.2.9) lib/action_controller/metal/renderers.rb:28:in `render_to_body'
  actionpack (3.2.9) lib/action_controller/metal/compatibility.rb:50:in `render_to_body'
  actionpack (3.2.9) lib/abstract_controller/rendering.rb:88:in `render'
  actionpack (3.2.9) lib/action_controller/metal/rendering.rb:16:in `render'
  actionpack (3.2.9) lib/action_controller/metal/instrumentation.rb:40:in `block (2 levels) in render'
  activesupport (3.2.9) lib/active_support/core_ext/benchmark.rb:5:in `block in ms'
  /home/piotr/.rvm/rubies/ruby-1.9.2-p320/lib/ruby/1.9.1/benchmark.rb:310:in `realtime'
  activesupport (3.2.9) lib/active_support/core_ext/benchmark.rb:5:in `ms'
  actionpack (3.2.9) lib/action_controller/metal/instrumentation.rb:40:in `block in render'
  actionpack (3.2.9) lib/action_controller/metal/instrumentation.rb:83:in `cleanup_view_runtime'
  activerecord (3.2.9) lib/active_record/railties/controller_runtime.rb:24:in `cleanup_view_runtime'
  actionpack (3.2.9) lib/action_controller/metal/instrumentation.rb:39:in `render'
  actionpack (3.2.9) lib/action_controller/metal/implicit_render.rb:10:in `default_render'
  actionpack (3.2.9) lib/action_controller/metal/implicit_render.rb:5:in `send_action'
  actionpack (3.2.9) lib/abstract_controller/base.rb:167:in `process_action'
  actionpack (3.2.9) lib/action_controller/metal/rendering.rb:10:in `process_action'
  actionpack (3.2.9) lib/abstract_controller/callbacks.rb:18:in `block in process_action'
  activesupport (3.2.9) lib/active_support/callbacks.rb:436:in `_run__3040480177901334626__process_action__2895001929382042305__callbacks'
  activesupport (3.2.9) lib/active_support/callbacks.rb:405:in `__run_callback'
  activesupport (3.2.9) lib/active_support/callbacks.rb:385:in `_run_process_action_callbacks'
  activesupport (3.2.9) lib/active_support/callbacks.rb:81:in `run_callbacks'
  actionpack (3.2.9) lib/abstract_controller/callbacks.rb:17:in `process_action'
  actionpack (3.2.9) lib/action_controller/metal/rescue.rb:29:in `process_action'
  actionpack (3.2.9) lib/action_controller/metal/instrumentation.rb:30:in `block in process_action'
  activesupport (3.2.9) lib/active_support/notifications.rb:123:in `block in instrument'
  activesupport (3.2.9) lib/active_support/notifications/instrumenter.rb:20:in `instrument'
  activesupport (3.2.9) lib/active_support/notifications.rb:123:in `instrument'
  actionpack (3.2.9) lib/action_controller/metal/instrumentation.rb:29:in `process_action'
  actionpack (3.2.9) lib/action_controller/metal/params_wrapper.rb:207:in `process_action'
  activerecord (3.2.9) lib/active_record/railties/controller_runtime.rb:18:in `process_action'
  actionpack (3.2.9) lib/abstract_controller/base.rb:121:in `process'
  actionpack (3.2.9) lib/abstract_controller/rendering.rb:45:in `process'
  actionpack (3.2.9) lib/action_controller/metal.rb:203:in `dispatch'
  actionpack (3.2.9) lib/action_controller/metal/rack_delegation.rb:14:in `dispatch'
  actionpack (3.2.9) lib/action_controller/metal.rb:246:in `block in action'
  actionpack (3.2.9) lib/action_dispatch/routing/route_set.rb:73:in `call'
  actionpack (3.2.9) lib/action_dispatch/routing/route_set.rb:73:in `dispatch'
  actionpack (3.2.9) lib/action_dispatch/routing/route_set.rb:36:in `call'
  journey (1.0.4) lib/journey/router.rb:68:in `block in call'
  journey (1.0.4) lib/journey/router.rb:56:in `each'
  journey (1.0.4) lib/journey/router.rb:56:in `call'
  actionpack (3.2.9) lib/action_dispatch/routing/route_set.rb:601:in `call'
  warden (1.2.1) lib/warden/manager.rb:35:in `block in call'
  warden (1.2.1) lib/warden/manager.rb:34:in `catch'
  warden (1.2.1) lib/warden/manager.rb:34:in `call'
  actionpack (3.2.9) lib/action_dispatch/middleware/best_standards_support.rb:17:in `call'
  rack (1.4.5) lib/rack/etag.rb:23:in `call'
  rack (1.4.5) lib/rack/conditionalget.rb:25:in `call'
  actionpack (3.2.9) lib/action_dispatch/middleware/head.rb:14:in `call'
  actionpack (3.2.9) lib/action_dispatch/middleware/params_parser.rb:21:in `call'
  actionpack (3.2.9) lib/action_dispatch/middleware/flash.rb:242:in `call'
  rack (1.4.5) lib/rack/session/abstract/id.rb:210:in `context'
  rack (1.4.5) lib/rack/session/abstract/id.rb:205:in `call'
  actionpack (3.2.9) lib/action_dispatch/middleware/cookies.rb:341:in `call'
  activerecord (3.2.9) lib/active_record/query_cache.rb:64:in `call'
  activerecord (3.2.9) lib/active_record/connection_adapters/abstract/connection_pool.rb:479:in `call'
  actionpack (3.2.9) lib/action_dispatch/middleware/callbacks.rb:28:in `block in call'
  activesupport (3.2.9) lib/active_support/callbacks.rb:405:in `_run__2339530336035020846__call__2629412876406964266__callbacks'
  activesupport (3.2.9) lib/active_support/callbacks.rb:405:in `__run_callback'
  activesupport (3.2.9) lib/active_support/callbacks.rb:385:in `_run_call_callbacks'
  activesupport (3.2.9) lib/active_support/callbacks.rb:81:in `run_callbacks'
  actionpack (3.2.9) lib/action_dispatch/middleware/callbacks.rb:27:in `call'
  actionpack (3.2.9) lib/action_dispatch/middleware/remote_ip.rb:31:in `call'
  actionpack (3.2.9) lib/action_dispatch/middleware/debug_exceptions.rb:16:in `call'
  actionpack (3.2.9) lib/action_dispatch/middleware/show_exceptions.rb:56:in `call'
  railties (3.2.9) lib/rails/rack/logger.rb:32:in `call_app'
  railties (3.2.9) lib/rails/rack/logger.rb:16:in `block in call'
  activesupport (3.2.9) lib/active_support/tagged_logging.rb:22:in `tagged'
  railties (3.2.9) lib/rails/rack/logger.rb:16:in `call'
  actionpack (3.2.9) lib/action_dispatch/middleware/request_id.rb:22:in `call'
  rack (1.4.5) lib/rack/methodoverride.rb:21:in `call'
  rack (1.4.5) lib/rack/runtime.rb:17:in `call'
  activesupport (3.2.9) lib/active_support/cache/strategy/local_cache.rb:72:in `call'
  rack (1.4.5) lib/rack/lock.rb:15:in `call'
  rack-cache (1.2) lib/rack/cache/context.rb:136:in `forward'
  rack-cache (1.2) lib/rack/cache/context.rb:245:in `fetch'
  rack-cache (1.2) lib/rack/cache/context.rb:185:in `lookup'
  rack-cache (1.2) lib/rack/cache/context.rb:66:in `call!'
  rack-cache (1.2) lib/rack/cache/context.rb:51:in `call'
  railties (3.2.9) lib/rails/engine.rb:479:in `call'
  railties (3.2.9) lib/rails/application.rb:223:in `call'
  railties (3.2.9) lib/rails/railtie/configurable.rb:30:in `method_missing'
  unicorn (4.6.2) lib/unicorn/http_server.rb:552:in `process_client'
  unicorn (4.6.2) lib/unicorn/http_server.rb:632:in `worker_loop'
  unicorn (4.6.2) lib/unicorn/http_server.rb:500:in `spawn_missing_workers'
  unicorn (4.6.2) lib/unicorn/http_server.rb:142:in `start'
  unicorn (4.6.2) bin/unicorn_rails:209:in `<top (required)>'
  /home/piotr/.rvm/gems/ruby-1.9.2-p320@tprov/bin/unicorn_rails:19:in `load'
  /home/piotr/.rvm/gems/ruby-1.9.2-p320@tprov/bin/unicorn_rails:19:in `<main>'
  /home/piotr/.rvm/gems/ruby-1.9.2-p320@tprov/bin/ruby_noexec_wrapper:14:in `eval'
  /home/piotr/.rvm/gems/ruby-1.9.2-p320@tprov/bin/ruby_noexec_wrapper:14:in `<main>'


Started GET "/admin/users" for 127.0.0.1 at 2013-03-07 22:53:26 +0100
Processing by Admin::UsersController#index as HTML
  Rendered admin/users/index.html.erb within layouts/admin (3.2ms)
  Rendered layouts/_topbar_right.html.erb (0.8ms)
  Rendered admin/_sidebar.html.erb (1.8ms)
  Rendered layouts/_notifications.html.erb (0.1ms)
Completed 200 OK in 41ms (Views: 37.0ms | ActiveRecord: 1.2ms)
Started GET "/admin/items" for 127.0.0.1 at 2013-03-07 22:53:27 +0100
Processing by Admin::ItemsController#index as HTML
  Rendered admin/items/index.html.erb within layouts/admin (0.9ms)
  Rendered layouts/_topbar_right.html.erb (0.9ms)
  Rendered admin/_sidebar.html.erb (2.8ms)
  Rendered layouts/_notifications.html.erb (0.1ms)
Completed 200 OK in 36ms (Views: 32.6ms | ActiveRecord: 0.8ms)
Started GET "/admin/orders" for 127.0.0.1 at 2013-03-07 22:53:28 +0100
Processing by Admin::OrdersController#index as HTML
  Rendered layouts/_notifications.html.erb (0.1ms)
  Rendered admin/orders/index.html.erb within layouts/admin (1.3ms)
  Rendered layouts/_topbar_right.html.erb (0.8ms)
  Rendered admin/_sidebar.html.erb (1.7ms)
  Rendered layouts/_notifications.html.erb (0.0ms)
Completed 200 OK in 28ms (Views: 24.2ms | ActiveRecord: 0.8ms)
Started GET "/admin/pages" for 127.0.0.1 at 2013-03-07 22:53:29 +0100
Processing by Admin::PagesController#index as HTML
  Rendered admin/pages/index.html.erb within layouts/admin (0.7ms)
  Rendered layouts/_topbar_right.html.erb (0.8ms)
  Rendered admin/_sidebar.html.erb (1.7ms)
  Rendered layouts/_notifications.html.erb (0.1ms)
Completed 200 OK in 31ms (Views: 24.9ms | ActiveRecord: 3.2ms)
Started GET "/admin/orders" for 127.0.0.1 at 2013-03-07 22:53:31 +0100
Processing by Admin::OrdersController#index as HTML
  Rendered layouts/_notifications.html.erb (0.1ms)
  Rendered admin/orders/index.html.erb within layouts/admin (1.3ms)
  Rendered layouts/_topbar_right.html.erb (0.8ms)
  Rendered admin/_sidebar.html.erb (1.6ms)
  Rendered layouts/_notifications.html.erb (0.0ms)
Completed 200 OK in 11ms (Views: 8.1ms | ActiveRecord: 0.7ms)
Started GET "/admin/items" for 127.0.0.1 at 2013-03-07 22:53:32 +0100
Processing by Admin::ItemsController#index as HTML
  Rendered admin/items/index.html.erb within layouts/admin (0.9ms)
  Rendered layouts/_topbar_right.html.erb (0.8ms)
  Rendered admin/_sidebar.html.erb (1.8ms)
  Rendered layouts/_notifications.html.erb (0.1ms)
Completed 200 OK in 11ms (Views: 8.0ms | ActiveRecord: 0.7ms)
Started GET "/admin/users" for 127.0.0.1 at 2013-03-07 22:53:34 +0100
Processing by Admin::UsersController#index as HTML
  Rendered admin/users/index.html.erb within layouts/admin (1.8ms)
  Rendered layouts/_topbar_right.html.erb (0.8ms)
  Rendered admin/_sidebar.html.erb (1.9ms)
  Rendered layouts/_notifications.html.erb (0.1ms)
Completed 200 OK in 11ms (Views: 7.4ms | ActiveRecord: 1.2ms)
Started GET "/admin/balance_history" for 127.0.0.1 at 2013-03-07 22:53:38 +0100
Processing by Admin::BalanceHistoryController#index as HTML
Completed 500 Internal Server Error in 5ms

ActionView::MissingTemplate (Missing template admin/balance_history/index, admin/admin/index, application/index with {:locale=>[:en], :formats=>[:html], :handlers=>[:erb, :builder]}. Searched in:
  * "/home/piotr/projects/TProv/app/views"
  * "/home/piotr/.rvm/gems/ruby-1.9.2-p320@tprov/gems/devise-2.2.3/app/views"
):
  actionpack (3.2.9) lib/action_view/path_set.rb:58:in `find'
  actionpack (3.2.9) lib/action_view/lookup_context.rb:109:in `find'
  actionpack (3.2.9) lib/action_view/renderer/abstract_renderer.rb:3:in `find_template'
  actionpack (3.2.9) lib/action_view/renderer/template_renderer.rb:34:in `determine_template'
  actionpack (3.2.9) lib/action_view/renderer/template_renderer.rb:10:in `render'
  actionpack (3.2.9) lib/action_view/renderer/renderer.rb:36:in `render_template'
  actionpack (3.2.9) lib/action_view/renderer/renderer.rb:17:in `render'
  actionpack (3.2.9) lib/abstract_controller/rendering.rb:110:in `_render_template'
  actionpack (3.2.9) lib/action_controller/metal/streaming.rb:225:in `_render_template'
  actionpack (3.2.9) lib/abstract_controller/rendering.rb:103:in `render_to_body'
  actionpack (3.2.9) lib/action_controller/metal/renderers.rb:28:in `render_to_body'
  actionpack (3.2.9) lib/action_controller/metal/compatibility.rb:50:in `render_to_body'
  actionpack (3.2.9) lib/abstract_controller/rendering.rb:88:in `render'
  actionpack (3.2.9) lib/action_controller/metal/rendering.rb:16:in `render'
  actionpack (3.2.9) lib/action_controller/metal/instrumentation.rb:40:in `block (2 levels) in render'
  activesupport (3.2.9) lib/active_support/core_ext/benchmark.rb:5:in `block in ms'
  /home/piotr/.rvm/rubies/ruby-1.9.2-p320/lib/ruby/1.9.1/benchmark.rb:310:in `realtime'
  activesupport (3.2.9) lib/active_support/core_ext/benchmark.rb:5:in `ms'
  actionpack (3.2.9) lib/action_controller/metal/instrumentation.rb:40:in `block in render'
  actionpack (3.2.9) lib/action_controller/metal/instrumentation.rb:83:in `cleanup_view_runtime'
  activerecord (3.2.9) lib/active_record/railties/controller_runtime.rb:24:in `cleanup_view_runtime'
  actionpack (3.2.9) lib/action_controller/metal/instrumentation.rb:39:in `render'
  actionpack (3.2.9) lib/action_controller/metal/implicit_render.rb:10:in `default_render'
  actionpack (3.2.9) lib/action_controller/metal/implicit_render.rb:5:in `send_action'
  actionpack (3.2.9) lib/abstract_controller/base.rb:167:in `process_action'
  actionpack (3.2.9) lib/action_controller/metal/rendering.rb:10:in `process_action'
  actionpack (3.2.9) lib/abstract_controller/callbacks.rb:18:in `block in process_action'
  activesupport (3.2.9) lib/active_support/callbacks.rb:425:in `_run__451889511944007129__process_action__3790827273006399779__callbacks'
  activesupport (3.2.9) lib/active_support/callbacks.rb:405:in `__run_callback'
  activesupport (3.2.9) lib/active_support/callbacks.rb:385:in `_run_process_action_callbacks'
  activesupport (3.2.9) lib/active_support/callbacks.rb:81:in `run_callbacks'
  actionpack (3.2.9) lib/abstract_controller/callbacks.rb:17:in `process_action'
  actionpack (3.2.9) lib/action_controller/metal/rescue.rb:29:in `process_action'
  actionpack (3.2.9) lib/action_controller/metal/instrumentation.rb:30:in `block in process_action'
  activesupport (3.2.9) lib/active_support/notifications.rb:123:in `block in instrument'
  activesupport (3.2.9) lib/active_support/notifications/instrumenter.rb:20:in `instrument'
  activesupport (3.2.9) lib/active_support/notifications.rb:123:in `instrument'
  actionpack (3.2.9) lib/action_controller/metal/instrumentation.rb:29:in `process_action'
  actionpack (3.2.9) lib/action_controller/metal/params_wrapper.rb:207:in `process_action'
  activerecord (3.2.9) lib/active_record/railties/controller_runtime.rb:18:in `process_action'
  actionpack (3.2.9) lib/abstract_controller/base.rb:121:in `process'
  actionpack (3.2.9) lib/abstract_controller/rendering.rb:45:in `process'
  actionpack (3.2.9) lib/action_controller/metal.rb:203:in `dispatch'
  actionpack (3.2.9) lib/action_controller/metal/rack_delegation.rb:14:in `dispatch'
  actionpack (3.2.9) lib/action_controller/metal.rb:246:in `block in action'
  actionpack (3.2.9) lib/action_dispatch/routing/route_set.rb:73:in `call'
  actionpack (3.2.9) lib/action_dispatch/routing/route_set.rb:73:in `dispatch'
  actionpack (3.2.9) lib/action_dispatch/routing/route_set.rb:36:in `call'
  journey (1.0.4) lib/journey/router.rb:68:in `block in call'
  journey (1.0.4) lib/journey/router.rb:56:in `each'
  journey (1.0.4) lib/journey/router.rb:56:in `call'
  actionpack (3.2.9) lib/action_dispatch/routing/route_set.rb:601:in `call'
  warden (1.2.1) lib/warden/manager.rb:35:in `block in call'
  warden (1.2.1) lib/warden/manager.rb:34:in `catch'
  warden (1.2.1) lib/warden/manager.rb:34:in `call'
  actionpack (3.2.9) lib/action_dispatch/middleware/best_standards_support.rb:17:in `call'
  rack (1.4.5) lib/rack/etag.rb:23:in `call'
  rack (1.4.5) lib/rack/conditionalget.rb:25:in `call'
  actionpack (3.2.9) lib/action_dispatch/middleware/head.rb:14:in `call'
  actionpack (3.2.9) lib/action_dispatch/middleware/params_parser.rb:21:in `call'
  actionpack (3.2.9) lib/action_dispatch/middleware/flash.rb:242:in `call'
  rack (1.4.5) lib/rack/session/abstract/id.rb:210:in `context'
  rack (1.4.5) lib/rack/session/abstract/id.rb:205:in `call'
  actionpack (3.2.9) lib/action_dispatch/middleware/cookies.rb:341:in `call'
  activerecord (3.2.9) lib/active_record/query_cache.rb:64:in `call'
  activerecord (3.2.9) lib/active_record/connection_adapters/abstract/connection_pool.rb:479:in `call'
  actionpack (3.2.9) lib/action_dispatch/middleware/callbacks.rb:28:in `block in call'
  activesupport (3.2.9) lib/active_support/callbacks.rb:405:in `_run__2339530336035020846__call__2629412876406964266__callbacks'
  activesupport (3.2.9) lib/active_support/callbacks.rb:405:in `__run_callback'
  activesupport (3.2.9) lib/active_support/callbacks.rb:385:in `_run_call_callbacks'
  activesupport (3.2.9) lib/active_support/callbacks.rb:81:in `run_callbacks'
  actionpack (3.2.9) lib/action_dispatch/middleware/callbacks.rb:27:in `call'
  actionpack (3.2.9) lib/action_dispatch/middleware/remote_ip.rb:31:in `call'
  actionpack (3.2.9) lib/action_dispatch/middleware/debug_exceptions.rb:16:in `call'
  actionpack (3.2.9) lib/action_dispatch/middleware/show_exceptions.rb:56:in `call'
  railties (3.2.9) lib/rails/rack/logger.rb:32:in `call_app'
  railties (3.2.9) lib/rails/rack/logger.rb:16:in `block in call'
  activesupport (3.2.9) lib/active_support/tagged_logging.rb:22:in `tagged'
  railties (3.2.9) lib/rails/rack/logger.rb:16:in `call'
  actionpack (3.2.9) lib/action_dispatch/middleware/request_id.rb:22:in `call'
  rack (1.4.5) lib/rack/methodoverride.rb:21:in `call'
  rack (1.4.5) lib/rack/runtime.rb:17:in `call'
  activesupport (3.2.9) lib/active_support/cache/strategy/local_cache.rb:72:in `call'
  rack (1.4.5) lib/rack/lock.rb:15:in `call'
  rack-cache (1.2) lib/rack/cache/context.rb:136:in `forward'
  rack-cache (1.2) lib/rack/cache/context.rb:245:in `fetch'
  rack-cache (1.2) lib/rack/cache/context.rb:185:in `lookup'
  rack-cache (1.2) lib/rack/cache/context.rb:66:in `call!'
  rack-cache (1.2) lib/rack/cache/context.rb:51:in `call'
  railties (3.2.9) lib/rails/engine.rb:479:in `call'
  railties (3.2.9) lib/rails/application.rb:223:in `call'
  railties (3.2.9) lib/rails/railtie/configurable.rb:30:in `method_missing'
  unicorn (4.6.2) lib/unicorn/http_server.rb:552:in `process_client'
  unicorn (4.6.2) lib/unicorn/http_server.rb:632:in `worker_loop'
  unicorn (4.6.2) lib/unicorn/http_server.rb:500:in `spawn_missing_workers'
  unicorn (4.6.2) lib/unicorn/http_server.rb:142:in `start'
  unicorn (4.6.2) bin/unicorn_rails:209:in `<top (required)>'
  /home/piotr/.rvm/gems/ruby-1.9.2-p320@tprov/bin/unicorn_rails:19:in `load'
  /home/piotr/.rvm/gems/ruby-1.9.2-p320@tprov/bin/unicorn_rails:19:in `<main>'
  /home/piotr/.rvm/gems/ruby-1.9.2-p320@tprov/bin/ruby_noexec_wrapper:14:in `eval'
  /home/piotr/.rvm/gems/ruby-1.9.2-p320@tprov/bin/ruby_noexec_wrapper:14:in `<main>'


